{"/Users/jared.barnes/Documents/motion-ux/.clarity/test.js":{"path":"/Users/jared.barnes/Documents/motion-ux/.clarity/test.js","statementMap":{"0":{"start":{"line":1,"column":9},"end":{"line":1,"column":28}},"1":{"start":{"line":2,"column":11},"end":{"line":2,"column":26}},"2":{"start":{"line":4,"column":18},"end":{"line":4,"column":80}},"3":{"start":{"line":5,"column":23},"end":{"line":5,"column":85}},"4":{"start":{"line":6,"column":22},"end":{"line":6,"column":58}},"5":{"start":{"line":7,"column":25},"end":{"line":11,"column":1}},"6":{"start":{"line":13,"column":24},"end":{"line":15,"column":1}},"7":{"start":{"line":14,"column":4},"end":{"line":14,"column":33}},"8":{"start":{"line":17,"column":18},"end":{"line":26,"column":1}},"9":{"start":{"line":18,"column":4},"end":{"line":25,"column":5}},"10":{"start":{"line":19,"column":8},"end":{"line":19,"column":35}},"11":{"start":{"line":20,"column":21},"end":{"line":20,"column":25}},"12":{"start":{"line":22,"column":8},"end":{"line":22,"column":78}},"13":{"start":{"line":24,"column":8},"end":{"line":24,"column":22}},"14":{"start":{"line":28,"column":0},"end":{"line":114,"column":3}},"15":{"start":{"line":29,"column":4},"end":{"line":111,"column":26}},"16":{"start":{"line":31,"column":8},"end":{"line":109,"column":11}},"17":{"start":{"line":32,"column":12},"end":{"line":105,"column":13}},"18":{"start":{"line":33,"column":16},"end":{"line":33,"column":44}},"19":{"start":{"line":34,"column":16},"end":{"line":34,"column":34}},"20":{"start":{"line":35,"column":16},"end":{"line":35,"column":44}},"21":{"start":{"line":36,"column":16},"end":{"line":45,"column":17}},"22":{"start":{"line":37,"column":32},"end":{"line":37,"column":71}},"23":{"start":{"line":39,"column":20},"end":{"line":39,"column":58}},"24":{"start":{"line":40,"column":20},"end":{"line":40,"column":43}},"25":{"start":{"line":41,"column":20},"end":{"line":41,"column":39}},"26":{"start":{"line":42,"column":20},"end":{"line":42,"column":43}},"27":{"start":{"line":44,"column":20},"end":{"line":44,"column":45}},"28":{"start":{"line":47,"column":37},"end":{"line":47,"column":59}},"29":{"start":{"line":48,"column":30},"end":{"line":48,"column":63}},"30":{"start":{"line":49,"column":30},"end":{"line":49,"column":63}},"31":{"start":{"line":50,"column":28},"end":{"line":50,"column":59}},"32":{"start":{"line":52,"column":37},"end":{"line":59,"column":18}},"33":{"start":{"line":53,"column":20},"end":{"line":53,"column":74}},"34":{"start":{"line":54,"column":20},"end":{"line":54,"column":43}},"35":{"start":{"line":55,"column":20},"end":{"line":55,"column":39}},"36":{"start":{"line":56,"column":20},"end":{"line":56,"column":43}},"37":{"start":{"line":58,"column":20},"end":{"line":58,"column":44}},"38":{"start":{"line":61,"column":16},"end":{"line":104,"column":19}},"39":{"start":{"line":62,"column":20},"end":{"line":62,"column":62}},"40":{"start":{"line":65,"column":20},"end":{"line":71,"column":21}},"41":{"start":{"line":66,"column":24},"end":{"line":66,"column":114}},"42":{"start":{"line":68,"column":24},"end":{"line":70,"column":27}},"43":{"start":{"line":69,"column":28},"end":{"line":69,"column":53}},"44":{"start":{"line":73,"column":20},"end":{"line":92,"column":23}},"45":{"start":{"line":74,"column":37},"end":{"line":74,"column":63}},"46":{"start":{"line":75,"column":24},"end":{"line":75,"column":94}},"47":{"start":{"line":77,"column":24},"end":{"line":77,"column":38}},"48":{"start":{"line":79,"column":24},"end":{"line":79,"column":59}},"49":{"start":{"line":81,"column":24},"end":{"line":81,"column":59}},"50":{"start":{"line":82,"column":24},"end":{"line":82,"column":47}},"51":{"start":{"line":83,"column":24},"end":{"line":83,"column":43}},"52":{"start":{"line":84,"column":24},"end":{"line":84,"column":47}},"53":{"start":{"line":86,"column":24},"end":{"line":86,"column":39}},"54":{"start":{"line":88,"column":24},"end":{"line":88,"column":67}},"55":{"start":{"line":89,"column":24},"end":{"line":89,"column":47}},"56":{"start":{"line":90,"column":24},"end":{"line":90,"column":43}},"57":{"start":{"line":91,"column":24},"end":{"line":91,"column":47}},"58":{"start":{"line":95,"column":20},"end":{"line":95,"column":37}},"59":{"start":{"line":97,"column":20},"end":{"line":97,"column":65}},"60":{"start":{"line":98,"column":20},"end":{"line":98,"column":43}},"61":{"start":{"line":99,"column":20},"end":{"line":99,"column":39}},"62":{"start":{"line":100,"column":20},"end":{"line":100,"column":43}},"63":{"start":{"line":102,"column":20},"end":{"line":102,"column":48}},"64":{"start":{"line":103,"column":20},"end":{"line":103,"column":40}},"65":{"start":{"line":107,"column":12},"end":{"line":107,"column":37}},"66":{"start":{"line":113,"column":4},"end":{"line":113,"column":68}}},"fnMap":{"0":{"name":"(anonymous_0)","decl":{"start":{"line":13,"column":24},"end":{"line":13,"column":25}},"loc":{"start":{"line":13,"column":30},"end":{"line":15,"column":1}},"line":13},"1":{"name":"(anonymous_1)","decl":{"start":{"line":17,"column":18},"end":{"line":17,"column":19}},"loc":{"start":{"line":17,"column":26},"end":{"line":26,"column":1}},"line":17},"2":{"name":"(anonymous_2)","decl":{"start":{"line":18,"column":11},"end":{"line":18,"column":12}},"loc":{"start":{"line":18,"column":17},"end":{"line":25,"column":5}},"line":18},"3":{"name":"(anonymous_3)","decl":{"start":{"line":28,"column":31},"end":{"line":28,"column":32}},"loc":{"start":{"line":28,"column":42},"end":{"line":112,"column":1}},"line":28},"4":{"name":"(anonymous_4)","decl":{"start":{"line":29,"column":24},"end":{"line":29,"column":25}},"loc":{"start":{"line":29,"column":43},"end":{"line":111,"column":5}},"line":29},"5":{"name":"(anonymous_5)","decl":{"start":{"line":31,"column":28},"end":{"line":31,"column":29}},"loc":{"start":{"line":31,"column":34},"end":{"line":108,"column":9}},"line":31},"6":{"name":"(anonymous_6)","decl":{"start":{"line":52,"column":53},"end":{"line":52,"column":54}},"loc":{"start":{"line":52,"column":64},"end":{"line":59,"column":17}},"line":52},"7":{"name":"(anonymous_7)","decl":{"start":{"line":61,"column":58},"end":{"line":61,"column":59}},"loc":{"start":{"line":61,"column":72},"end":{"line":63,"column":17}},"line":61},"8":{"name":"(anonymous_8)","decl":{"start":{"line":63,"column":26},"end":{"line":63,"column":27}},"loc":{"start":{"line":63,"column":49},"end":{"line":94,"column":17}},"line":63},"9":{"name":"(anonymous_9)","decl":{"start":{"line":68,"column":44},"end":{"line":68,"column":45}},"loc":{"start":{"line":68,"column":50},"end":{"line":70,"column":25}},"line":68},"10":{"name":"(anonymous_10)","decl":{"start":{"line":73,"column":40},"end":{"line":73,"column":41}},"loc":{"start":{"line":73,"column":46},"end":{"line":78,"column":21}},"line":73},"11":{"name":"(anonymous_11)","decl":{"start":{"line":78,"column":28},"end":{"line":78,"column":29}},"loc":{"start":{"line":78,"column":34},"end":{"line":80,"column":21}},"line":78},"12":{"name":"(anonymous_12)","decl":{"start":{"line":80,"column":29},"end":{"line":80,"column":30}},"loc":{"start":{"line":80,"column":40},"end":{"line":85,"column":21}},"line":80},"13":{"name":"(anonymous_13)","decl":{"start":{"line":85,"column":28},"end":{"line":85,"column":29}},"loc":{"start":{"line":85,"column":34},"end":{"line":87,"column":21}},"line":85},"14":{"name":"(anonymous_14)","decl":{"start":{"line":87,"column":29},"end":{"line":87,"column":30}},"loc":{"start":{"line":87,"column":40},"end":{"line":92,"column":21}},"line":87},"15":{"name":"(anonymous_15)","decl":{"start":{"line":94,"column":40},"end":{"line":94,"column":41}},"loc":{"start":{"line":94,"column":46},"end":{"line":96,"column":17}},"line":94},"16":{"name":"(anonymous_16)","decl":{"start":{"line":96,"column":25},"end":{"line":96,"column":26}},"loc":{"start":{"line":96,"column":36},"end":{"line":101,"column":17}},"line":96},"17":{"name":"(anonymous_17)","decl":{"start":{"line":101,"column":24},"end":{"line":101,"column":25}},"loc":{"start":{"line":101,"column":30},"end":{"line":104,"column":17}},"line":101},"18":{"name":"(anonymous_18)","decl":{"start":{"line":108,"column":16},"end":{"line":108,"column":17}},"loc":{"start":{"line":108,"column":22},"end":{"line":109,"column":9}},"line":108},"19":{"name":"(anonymous_19)","decl":{"start":{"line":112,"column":9},"end":{"line":112,"column":10}},"loc":{"start":{"line":112,"column":20},"end":{"line":114,"column":1}},"line":112}},"branchMap":{"0":{"loc":{"start":{"line":19,"column":13},"end":{"line":19,"column":34}},"type":"binary-expr","locations":[{"start":{"line":19,"column":13},"end":{"line":19,"column":15}},{"start":{"line":19,"column":19},"end":{"line":19,"column":34}}],"line":19},"1":{"loc":{"start":{"line":22,"column":17},"end":{"line":22,"column":77}},"type":"cond-expr","locations":[{"start":{"line":22,"column":45},"end":{"line":22,"column":51}},{"start":{"line":22,"column":54},"end":{"line":22,"column":77}}],"line":22},"2":{"loc":{"start":{"line":32,"column":12},"end":{"line":105,"column":13}},"type":"if","locations":[{"start":{"line":32,"column":12},"end":{"line":105,"column":13}},{"start":{"line":32,"column":12},"end":{"line":105,"column":13}}],"line":32},"3":{"loc":{"start":{"line":47,"column":37},"end":{"line":47,"column":59}},"type":"binary-expr","locations":[{"start":{"line":47,"column":37},"end":{"line":47,"column":50}},{"start":{"line":47,"column":54},"end":{"line":47,"column":59}}],"line":47},"4":{"loc":{"start":{"line":65,"column":20},"end":{"line":71,"column":21}},"type":"if","locations":[{"start":{"line":65,"column":20},"end":{"line":71,"column":21}},{"start":{"line":65,"column":20},"end":{"line":71,"column":21}}],"line":65},"5":{"loc":{"start":{"line":75,"column":33},"end":{"line":75,"column":93}},"type":"cond-expr","locations":[{"start":{"line":75,"column":61},"end":{"line":75,"column":67}},{"start":{"line":75,"column":70},"end":{"line":75,"column":93}}],"line":75}},"s":{"0":1,"1":1,"2":1,"3":1,"4":1,"5":1,"6":1,"7":54,"8":1,"9":24,"10":54,"11":54,"12":54,"13":54,"14":1,"15":1,"16":16,"17":16,"18":8,"19":8,"20":8,"21":8,"22":8,"23":0,"24":0,"25":0,"26":0,"27":0,"28":8,"29":8,"30":8,"31":8,"32":8,"33":0,"34":0,"35":0,"36":0,"37":0,"38":8,"39":38,"40":38,"41":0,"42":0,"43":0,"44":38,"45":38,"46":38,"47":38,"48":38,"49":0,"50":0,"51":0,"52":0,"53":38,"54":0,"55":0,"56":0,"57":0,"58":8,"59":0,"60":0,"61":0,"62":0,"63":8,"64":8,"65":8,"66":0},"f":{"0":54,"1":24,"2":54,"3":1,"4":16,"5":16,"6":0,"7":38,"8":38,"9":0,"10":38,"11":38,"12":0,"13":38,"14":0,"15":8,"16":0,"17":8,"18":16,"19":0},"b":{"0":[54,24],"1":[54,0],"2":[8,8],"3":[8,8],"4":[0,38],"5":[0,38]},"_coverageSchema":"43e27e138ebf9cfc5966b082cf9a028302ed4184","hash":"eef5a8cce790832862cc729915592114763407b2","contentHash":"c9bebbda5048460873f14a225a64c021d6058c47bbdc49ed846601767f082ff2"},"/Users/jared.barnes/Documents/motion-ux/lib/tests/HexNodeAnimator.js":{"path":"/Users/jared.barnes/Documents/motion-ux/lib/tests/HexNodeAnimator.js","statementMap":{"0":{"start":{"line":3,"column":23},"end":{"line":3,"column":89}},"1":{"start":{"line":5,"column":15},"end":{"line":5,"column":63}},"2":{"start":{"line":7,"column":11},"end":{"line":7,"column":64}},"3":{"start":{"line":9,"column":28},"end":{"line":9,"column":61}},"4":{"start":{"line":11,"column":14},"end":{"line":11,"column":55}},"5":{"start":{"line":13,"column":39},"end":{"line":13,"column":93}},"6":{"start":{"line":15,"column":0},"end":{"line":29,"column":2}},"7":{"start":{"line":16,"column":17},"end":{"line":16,"column":80}},"8":{"start":{"line":18,"column":15},"end":{"line":18,"column":78}},"9":{"start":{"line":20,"column":17},"end":{"line":25,"column":4}},"10":{"start":{"line":26,"column":15},"end":{"line":26,"column":35}},"11":{"start":{"line":28,"column":2},"end":{"line":28,"column":43}}},"fnMap":{"0":{"name":"_interopRequireDefault","decl":{"start":{"line":13,"column":9},"end":{"line":13,"column":31}},"loc":{"start":{"line":13,"column":37},"end":{"line":13,"column":95}},"line":13},"1":{"name":"(anonymous_1)","decl":{"start":{"line":15,"column":31},"end":{"line":15,"column":32}},"loc":{"start":{"line":15,"column":43},"end":{"line":29,"column":1}},"line":15}},"branchMap":{"0":{"loc":{"start":{"line":13,"column":46},"end":{"line":13,"column":92}},"type":"cond-expr","locations":[{"start":{"line":13,"column":70},"end":{"line":13,"column":73}},{"start":{"line":13,"column":76},"end":{"line":13,"column":92}}],"line":13},"1":{"loc":{"start":{"line":13,"column":46},"end":{"line":13,"column":67}},"type":"binary-expr","locations":[{"start":{"line":13,"column":46},"end":{"line":13,"column":49}},{"start":{"line":13,"column":53},"end":{"line":13,"column":67}}],"line":13}},"s":{"0":1,"1":1,"2":1,"3":1,"4":1,"5":4,"6":1,"7":1,"8":1,"9":1,"10":1,"11":1},"f":{"0":4,"1":1},"b":{"0":[3,1],"1":[4,4]},"_coverageSchema":"43e27e138ebf9cfc5966b082cf9a028302ed4184","hash":"30c0940013c5551012063295d337ecc3ce86983c","contentHash":"4ef69434cf1294c2960f61c2cffab2da189be53ea17aa56e7f46c01e8a1d5870"},"/Users/jared.barnes/Documents/motion-ux/lib/animators/HexNodeAnimator.js":{"path":"/Users/jared.barnes/Documents/motion-ux/lib/animators/HexNodeAnimator.js","statementMap":{"0":{"start":{"line":3,"column":0},"end":{"line":5,"column":3}},"1":{"start":{"line":6,"column":0},"end":{"line":6,"column":25}},"2":{"start":{"line":8,"column":22},"end":{"line":8,"column":76}},"3":{"start":{"line":10,"column":39},"end":{"line":10,"column":93}},"4":{"start":{"line":12,"column":54},"end":{"line":12,"column":73}},"5":{"start":{"line":12,"column":75},"end":{"line":12,"column":326}},"6":{"start":{"line":12,"column":125},"end":{"line":12,"column":161}},"7":{"start":{"line":12,"column":163},"end":{"line":12,"column":292}},"8":{"start":{"line":12,"column":183},"end":{"line":12,"column":292}},"9":{"start":{"line":12,"column":225},"end":{"line":12,"column":288}},"10":{"start":{"line":12,"column":293},"end":{"line":12,"column":324}},"11":{"start":{"line":12,"column":327},"end":{"line":12,"column":339}},"12":{"start":{"line":14,"column":33},"end":{"line":14,"column":501}},"13":{"start":{"line":14,"column":46},"end":{"line":14,"column":47}},"14":{"start":{"line":14,"column":91},"end":{"line":14,"column":131}},"15":{"start":{"line":14,"column":133},"end":{"line":14,"column":499}},"16":{"start":{"line":14,"column":146},"end":{"line":14,"column":239}},"17":{"start":{"line":14,"column":193},"end":{"line":14,"column":235}},"18":{"start":{"line":14,"column":247},"end":{"line":14,"column":499}},"19":{"start":{"line":14,"column":287},"end":{"line":14,"column":361}},"20":{"start":{"line":14,"column":371},"end":{"line":14,"column":497}},"21":{"start":{"line":14,"column":412},"end":{"line":14,"column":493}},"22":{"start":{"line":14,"column":502},"end":{"line":14,"column":516}},"23":{"start":{"line":16,"column":44},"end":{"line":16,"column":195}},"24":{"start":{"line":16,"column":62},"end":{"line":16,"column":166}},"25":{"start":{"line":16,"column":176},"end":{"line":16,"column":193}},"26":{"start":{"line":16,"column":196},"end":{"line":16,"column":207}},"27":{"start":{"line":18,"column":50},"end":{"line":18,"column":151}},"28":{"start":{"line":18,"column":92},"end":{"line":18,"column":149}},"29":{"start":{"line":20,"column":44},"end":{"line":20,"column":315}},"30":{"start":{"line":20,"column":57},"end":{"line":20,"column":58}},"31":{"start":{"line":20,"column":102},"end":{"line":20,"column":110}},"32":{"start":{"line":20,"column":112},"end":{"line":20,"column":167}},"33":{"start":{"line":20,"column":168},"end":{"line":20,"column":199}},"34":{"start":{"line":20,"column":200},"end":{"line":20,"column":254}},"35":{"start":{"line":20,"column":227},"end":{"line":20,"column":254}},"36":{"start":{"line":20,"column":255},"end":{"line":20,"column":313}},"37":{"start":{"line":22,"column":62},"end":{"line":22,"column":131}},"38":{"start":{"line":22,"column":78},"end":{"line":22,"column":131}},"39":{"start":{"line":22,"column":132},"end":{"line":22,"column":193}},"40":{"start":{"line":22,"column":149},"end":{"line":22,"column":193}},"41":{"start":{"line":22,"column":194},"end":{"line":22,"column":213}},"42":{"start":{"line":24,"column":15},"end":{"line":24,"column":95}},"43":{"start":{"line":28,"column":0},"end":{"line":127,"column":3}},"44":{"start":{"line":30,"column":4},"end":{"line":30,"column":43}},"45":{"start":{"line":32,"column":4},"end":{"line":32,"column":27}},"46":{"start":{"line":33,"column":4},"end":{"line":33,"column":25}},"47":{"start":{"line":34,"column":4},"end":{"line":34,"column":25}},"48":{"start":{"line":35,"column":4},"end":{"line":35,"column":23}},"49":{"start":{"line":36,"column":4},"end":{"line":36,"column":27}},"50":{"start":{"line":39,"column":2},"end":{"line":124,"column":6}},"51":{"start":{"line":42,"column":18},"end":{"line":42,"column":22}},"52":{"start":{"line":44,"column":19},"end":{"line":46,"column":8}},"53":{"start":{"line":45,"column":8},"end":{"line":45,"column":66}},"54":{"start":{"line":48,"column":6},"end":{"line":48,"column":39}},"55":{"start":{"line":50,"column":27},"end":{"line":59,"column":8}},"56":{"start":{"line":51,"column":8},"end":{"line":51,"column":30}},"57":{"start":{"line":52,"column":8},"end":{"line":52,"column":32}},"58":{"start":{"line":53,"column":8},"end":{"line":53,"column":31}},"59":{"start":{"line":54,"column":8},"end":{"line":54,"column":19}},"60":{"start":{"line":60,"column":17},"end":{"line":60,"column":36}},"61":{"start":{"line":61,"column":19},"end":{"line":61,"column":40}},"62":{"start":{"line":62,"column":18},"end":{"line":62,"column":38}},"63":{"start":{"line":64,"column":6},"end":{"line":64,"column":23}},"64":{"start":{"line":65,"column":6},"end":{"line":65,"column":27}},"65":{"start":{"line":66,"column":6},"end":{"line":66,"column":25}},"66":{"start":{"line":71,"column":6},"end":{"line":73,"column":7}},"67":{"start":{"line":72,"column":8},"end":{"line":72,"column":43}},"68":{"start":{"line":75,"column":6},"end":{"line":75,"column":19}},"69":{"start":{"line":80,"column":6},"end":{"line":80,"column":29}},"70":{"start":{"line":81,"column":19},"end":{"line":81,"column":37}},"71":{"start":{"line":82,"column":6},"end":{"line":82,"column":105}},"72":{"start":{"line":87,"column":6},"end":{"line":89,"column":7}},"73":{"start":{"line":88,"column":8},"end":{"line":88,"column":21}},"74":{"start":{"line":91,"column":6},"end":{"line":93,"column":7}},"75":{"start":{"line":92,"column":8},"end":{"line":92,"column":19}},"76":{"start":{"line":95,"column":16},"end":{"line":95,"column":35}},"77":{"start":{"line":97,"column":6},"end":{"line":99,"column":7}},"78":{"start":{"line":98,"column":8},"end":{"line":98,"column":24}},"79":{"start":{"line":101,"column":6},"end":{"line":101,"column":17}},"80":{"start":{"line":106,"column":6},"end":{"line":108,"column":10}},"81":{"start":{"line":109,"column":6},"end":{"line":111,"column":10}},"82":{"start":{"line":112,"column":6},"end":{"line":114,"column":10}},"83":{"start":{"line":119,"column":16},"end":{"line":119,"column":79}},"84":{"start":{"line":120,"column":18},"end":{"line":120,"column":83}},"85":{"start":{"line":121,"column":17},"end":{"line":121,"column":81}},"86":{"start":{"line":122,"column":6},"end":{"line":122,"column":56}},"87":{"start":{"line":126,"column":2},"end":{"line":126,"column":25}},"88":{"start":{"line":129,"column":0},"end":{"line":129,"column":34}}},"fnMap":{"0":{"name":"_interopRequireDefault","decl":{"start":{"line":10,"column":9},"end":{"line":10,"column":31}},"loc":{"start":{"line":10,"column":37},"end":{"line":10,"column":95}},"line":10},"1":{"name":"ownKeys","decl":{"start":{"line":12,"column":9},"end":{"line":12,"column":16}},"loc":{"start":{"line":12,"column":41},"end":{"line":12,"column":341}},"line":12},"2":{"name":"(anonymous_2)","decl":{"start":{"line":12,"column":208},"end":{"line":12,"column":209}},"loc":{"start":{"line":12,"column":223},"end":{"line":12,"column":290}},"line":12},"3":{"name":"_objectSpread","decl":{"start":{"line":14,"column":9},"end":{"line":14,"column":22}},"loc":{"start":{"line":14,"column":31},"end":{"line":14,"column":518}},"line":14},"4":{"name":"(anonymous_4)","decl":{"start":{"line":14,"column":176},"end":{"line":14,"column":177}},"loc":{"start":{"line":14,"column":191},"end":{"line":14,"column":237}},"line":14},"5":{"name":"(anonymous_5)","decl":{"start":{"line":14,"column":395},"end":{"line":14,"column":396}},"loc":{"start":{"line":14,"column":410},"end":{"line":14,"column":495}},"line":14},"6":{"name":"_defineProperty","decl":{"start":{"line":16,"column":9},"end":{"line":16,"column":24}},"loc":{"start":{"line":16,"column":42},"end":{"line":16,"column":209}},"line":16},"7":{"name":"_classCallCheck","decl":{"start":{"line":18,"column":9},"end":{"line":18,"column":24}},"loc":{"start":{"line":18,"column":48},"end":{"line":18,"column":153}},"line":18},"8":{"name":"_defineProperties","decl":{"start":{"line":20,"column":9},"end":{"line":20,"column":26}},"loc":{"start":{"line":20,"column":42},"end":{"line":20,"column":317}},"line":20},"9":{"name":"_createClass","decl":{"start":{"line":22,"column":9},"end":{"line":22,"column":21}},"loc":{"start":{"line":22,"column":60},"end":{"line":22,"column":215}},"line":22},"10":{"name":"(anonymous_10)","decl":{"start":{"line":28,"column":0},"end":{"line":28,"column":1}},"loc":{"start":{"line":28,"column":12},"end":{"line":127,"column":1}},"line":28},"11":{"name":"HexNodeAnimator","decl":{"start":{"line":29,"column":11},"end":{"line":29,"column":26}},"loc":{"start":{"line":29,"column":36},"end":{"line":37,"column":3}},"line":29},"12":{"name":"parseValues","decl":{"start":{"line":41,"column":20},"end":{"line":41,"column":31}},"loc":{"start":{"line":41,"column":34},"end":{"line":67,"column":5}},"line":41},"13":{"name":"(anonymous_13)","decl":{"start":{"line":44,"column":45},"end":{"line":44,"column":46}},"loc":{"start":{"line":44,"column":61},"end":{"line":46,"column":7}},"line":44},"14":{"name":"(anonymous_14)","decl":{"start":{"line":50,"column":41},"end":{"line":50,"column":42}},"loc":{"start":{"line":50,"column":61},"end":{"line":55,"column":7}},"line":50},"15":{"name":"convertToFullHex","decl":{"start":{"line":70,"column":20},"end":{"line":70,"column":36}},"loc":{"start":{"line":70,"column":44},"end":{"line":76,"column":5}},"line":70},"16":{"name":"hexToRgb","decl":{"start":{"line":79,"column":20},"end":{"line":79,"column":28}},"loc":{"start":{"line":79,"column":34},"end":{"line":83,"column":5}},"line":79},"17":{"name":"numberToHex","decl":{"start":{"line":86,"column":20},"end":{"line":86,"column":31}},"loc":{"start":{"line":86,"column":40},"end":{"line":102,"column":5}},"line":86},"18":{"name":"createAnimators","decl":{"start":{"line":105,"column":20},"end":{"line":105,"column":35}},"loc":{"start":{"line":105,"column":38},"end":{"line":115,"column":5}},"line":105},"19":{"name":"render","decl":{"start":{"line":118,"column":20},"end":{"line":118,"column":26}},"loc":{"start":{"line":118,"column":37},"end":{"line":123,"column":5}},"line":118}},"branchMap":{"0":{"loc":{"start":{"line":10,"column":46},"end":{"line":10,"column":92}},"type":"cond-expr","locations":[{"start":{"line":10,"column":70},"end":{"line":10,"column":73}},{"start":{"line":10,"column":76},"end":{"line":10,"column":92}}],"line":10},"1":{"loc":{"start":{"line":10,"column":46},"end":{"line":10,"column":67}},"type":"binary-expr","locations":[{"start":{"line":10,"column":46},"end":{"line":10,"column":49}},{"start":{"line":10,"column":53},"end":{"line":10,"column":67}}],"line":10},"2":{"loc":{"start":{"line":12,"column":75},"end":{"line":12,"column":326}},"type":"if","locations":[{"start":{"line":12,"column":75},"end":{"line":12,"column":326}},{"start":{"line":12,"column":75},"end":{"line":12,"column":326}}],"line":12},"3":{"loc":{"start":{"line":12,"column":163},"end":{"line":12,"column":292}},"type":"if","locations":[{"start":{"line":12,"column":163},"end":{"line":12,"column":292}},{"start":{"line":12,"column":163},"end":{"line":12,"column":292}}],"line":12},"4":{"loc":{"start":{"line":14,"column":91},"end":{"line":14,"column":131}},"type":"cond-expr","locations":[{"start":{"line":14,"column":114},"end":{"line":14,"column":126}},{"start":{"line":14,"column":129},"end":{"line":14,"column":131}}],"line":14},"5":{"loc":{"start":{"line":14,"column":133},"end":{"line":14,"column":499}},"type":"if","locations":[{"start":{"line":14,"column":133},"end":{"line":14,"column":499}},{"start":{"line":14,"column":133},"end":{"line":14,"column":499}}],"line":14},"6":{"loc":{"start":{"line":14,"column":247},"end":{"line":14,"column":499}},"type":"if","locations":[{"start":{"line":14,"column":247},"end":{"line":14,"column":499}},{"start":{"line":14,"column":247},"end":{"line":14,"column":499}}],"line":14},"7":{"loc":{"start":{"line":16,"column":44},"end":{"line":16,"column":195}},"type":"if","locations":[{"start":{"line":16,"column":44},"end":{"line":16,"column":195}},{"start":{"line":16,"column":44},"end":{"line":16,"column":195}}],"line":16},"8":{"loc":{"start":{"line":18,"column":50},"end":{"line":18,"column":151}},"type":"if","locations":[{"start":{"line":18,"column":50},"end":{"line":18,"column":151}},{"start":{"line":18,"column":50},"end":{"line":18,"column":151}}],"line":18},"9":{"loc":{"start":{"line":20,"column":136},"end":{"line":20,"column":166}},"type":"binary-expr","locations":[{"start":{"line":20,"column":136},"end":{"line":20,"column":157}},{"start":{"line":20,"column":161},"end":{"line":20,"column":166}}],"line":20},"10":{"loc":{"start":{"line":20,"column":200},"end":{"line":20,"column":254}},"type":"if","locations":[{"start":{"line":20,"column":200},"end":{"line":20,"column":254}},{"start":{"line":20,"column":200},"end":{"line":20,"column":254}}],"line":20},"11":{"loc":{"start":{"line":22,"column":62},"end":{"line":22,"column":131}},"type":"if","locations":[{"start":{"line":22,"column":62},"end":{"line":22,"column":131}},{"start":{"line":22,"column":62},"end":{"line":22,"column":131}}],"line":22},"12":{"loc":{"start":{"line":22,"column":132},"end":{"line":22,"column":193}},"type":"if","locations":[{"start":{"line":22,"column":132},"end":{"line":22,"column":193}},{"start":{"line":22,"column":132},"end":{"line":22,"column":193}}],"line":22},"13":{"loc":{"start":{"line":71,"column":6},"end":{"line":73,"column":7}},"type":"if","locations":[{"start":{"line":71,"column":6},"end":{"line":73,"column":7}},{"start":{"line":71,"column":6},"end":{"line":73,"column":7}}],"line":71},"14":{"loc":{"start":{"line":82,"column":13},"end":{"line":82,"column":104}},"type":"cond-expr","locations":[{"start":{"line":82,"column":22},"end":{"line":82,"column":97}},{"start":{"line":82,"column":100},"end":{"line":82,"column":104}}],"line":82},"15":{"loc":{"start":{"line":87,"column":6},"end":{"line":89,"column":7}},"type":"if","locations":[{"start":{"line":87,"column":6},"end":{"line":89,"column":7}},{"start":{"line":87,"column":6},"end":{"line":89,"column":7}}],"line":87},"16":{"loc":{"start":{"line":91,"column":6},"end":{"line":93,"column":7}},"type":"if","locations":[{"start":{"line":91,"column":6},"end":{"line":93,"column":7}},{"start":{"line":91,"column":6},"end":{"line":93,"column":7}}],"line":91},"17":{"loc":{"start":{"line":97,"column":6},"end":{"line":99,"column":7}},"type":"if","locations":[{"start":{"line":97,"column":6},"end":{"line":99,"column":7}},{"start":{"line":97,"column":6},"end":{"line":99,"column":7}}],"line":97}},"s":{"0":1,"1":1,"2":1,"3":1,"4":15,"5":15,"6":15,"7":15,"8":15,"9":0,"10":15,"11":15,"12":15,"13":15,"14":30,"15":30,"16":15,"17":60,"18":15,"19":15,"20":0,"21":0,"22":15,"23":60,"24":0,"25":60,"26":60,"27":5,"28":0,"29":1,"30":1,"31":6,"32":6,"33":6,"34":6,"35":6,"36":6,"37":1,"38":1,"39":1,"40":0,"41":1,"42":1,"43":1,"44":5,"45":5,"46":5,"47":5,"48":5,"49":5,"50":1,"51":5,"52":5,"53":10,"54":5,"55":5,"56":10,"57":10,"58":10,"59":10,"60":5,"61":5,"62":5,"63":5,"64":5,"65":5,"66":10,"67":8,"68":10,"69":10,"70":10,"71":10,"72":15,"73":0,"74":15,"75":0,"76":15,"77":15,"78":0,"79":15,"80":5,"81":5,"82":5,"83":5,"84":5,"85":5,"86":5,"87":1,"88":1},"f":{"0":1,"1":15,"2":0,"3":15,"4":60,"5":0,"6":60,"7":5,"8":1,"9":1,"10":1,"11":5,"12":5,"13":10,"14":10,"15":10,"16":10,"17":15,"18":5,"19":5},"b":{"0":[1,0],"1":[1,1],"2":[15,0],"3":[15,0],"4":[30,0],"5":[15,15],"6":[15,0],"7":[0,60],"8":[0,5],"9":[6,6],"10":[6,0],"11":[1,0],"12":[0,1],"13":[8,2],"14":[10,0],"15":[0,15],"16":[0,15],"17":[0,15]},"_coverageSchema":"43e27e138ebf9cfc5966b082cf9a028302ed4184","hash":"fb6a33318ff867e781340c1eeeaf8be6fa7216fc","contentHash":"3de459aad1abc19e7939e389d3ce845ce103fb8614c7a8fc3d9bcdbcd99b7869"},"/Users/jared.barnes/Documents/motion-ux/lib/animators/NumberAnimator.js":{"path":"/Users/jared.barnes/Documents/motion-ux/lib/animators/NumberAnimator.js","statementMap":{"0":{"start":{"line":3,"column":0},"end":{"line":5,"column":3}},"1":{"start":{"line":6,"column":0},"end":{"line":6,"column":25}},"2":{"start":{"line":8,"column":19},"end":{"line":8,"column":68}},"3":{"start":{"line":10,"column":39},"end":{"line":10,"column":93}},"4":{"start":{"line":12,"column":50},"end":{"line":12,"column":151}},"5":{"start":{"line":12,"column":92},"end":{"line":12,"column":149}},"6":{"start":{"line":14,"column":44},"end":{"line":14,"column":315}},"7":{"start":{"line":14,"column":57},"end":{"line":14,"column":58}},"8":{"start":{"line":14,"column":102},"end":{"line":14,"column":110}},"9":{"start":{"line":14,"column":112},"end":{"line":14,"column":167}},"10":{"start":{"line":14,"column":168},"end":{"line":14,"column":199}},"11":{"start":{"line":14,"column":200},"end":{"line":14,"column":254}},"12":{"start":{"line":14,"column":227},"end":{"line":14,"column":254}},"13":{"start":{"line":14,"column":255},"end":{"line":14,"column":313}},"14":{"start":{"line":16,"column":62},"end":{"line":16,"column":131}},"15":{"start":{"line":16,"column":78},"end":{"line":16,"column":131}},"16":{"start":{"line":16,"column":132},"end":{"line":16,"column":193}},"17":{"start":{"line":16,"column":149},"end":{"line":16,"column":193}},"18":{"start":{"line":16,"column":194},"end":{"line":16,"column":213}},"19":{"start":{"line":20,"column":0},"end":{"line":49,"column":3}},"20":{"start":{"line":22,"column":4},"end":{"line":22,"column":42}},"21":{"start":{"line":24,"column":4},"end":{"line":24,"column":76}},"22":{"start":{"line":25,"column":4},"end":{"line":25,"column":27}},"23":{"start":{"line":26,"column":4},"end":{"line":26,"column":63}},"24":{"start":{"line":29,"column":2},"end":{"line":46,"column":6}},"25":{"start":{"line":32,"column":6},"end":{"line":34,"column":7}},"26":{"start":{"line":33,"column":8},"end":{"line":33,"column":32}},"27":{"start":{"line":36,"column":6},"end":{"line":38,"column":7}},"28":{"start":{"line":37,"column":8},"end":{"line":37,"column":55}},"29":{"start":{"line":40,"column":29},"end":{"line":40,"column":60}},"30":{"start":{"line":41,"column":21},"end":{"line":41,"column":62}},"31":{"start":{"line":42,"column":31},"end":{"line":42,"column":84}},"32":{"start":{"line":43,"column":18},"end":{"line":43,"column":62}},"33":{"start":{"line":44,"column":6},"end":{"line":44,"column":19}},"34":{"start":{"line":48,"column":2},"end":{"line":48,"column":24}},"35":{"start":{"line":51,"column":0},"end":{"line":51,"column":33}}},"fnMap":{"0":{"name":"_interopRequireDefault","decl":{"start":{"line":10,"column":9},"end":{"line":10,"column":31}},"loc":{"start":{"line":10,"column":37},"end":{"line":10,"column":95}},"line":10},"1":{"name":"_classCallCheck","decl":{"start":{"line":12,"column":9},"end":{"line":12,"column":24}},"loc":{"start":{"line":12,"column":48},"end":{"line":12,"column":153}},"line":12},"2":{"name":"_defineProperties","decl":{"start":{"line":14,"column":9},"end":{"line":14,"column":26}},"loc":{"start":{"line":14,"column":42},"end":{"line":14,"column":317}},"line":14},"3":{"name":"_createClass","decl":{"start":{"line":16,"column":9},"end":{"line":16,"column":21}},"loc":{"start":{"line":16,"column":60},"end":{"line":16,"column":215}},"line":16},"4":{"name":"(anonymous_4)","decl":{"start":{"line":20,"column":0},"end":{"line":20,"column":1}},"loc":{"start":{"line":20,"column":12},"end":{"line":49,"column":1}},"line":20},"5":{"name":"NumberAnimator","decl":{"start":{"line":21,"column":11},"end":{"line":21,"column":25}},"loc":{"start":{"line":21,"column":35},"end":{"line":27,"column":3}},"line":21},"6":{"name":"render","decl":{"start":{"line":31,"column":20},"end":{"line":31,"column":26}},"loc":{"start":{"line":31,"column":37},"end":{"line":45,"column":5}},"line":31}},"branchMap":{"0":{"loc":{"start":{"line":10,"column":46},"end":{"line":10,"column":92}},"type":"cond-expr","locations":[{"start":{"line":10,"column":70},"end":{"line":10,"column":73}},{"start":{"line":10,"column":76},"end":{"line":10,"column":92}}],"line":10},"1":{"loc":{"start":{"line":10,"column":46},"end":{"line":10,"column":67}},"type":"binary-expr","locations":[{"start":{"line":10,"column":46},"end":{"line":10,"column":49}},{"start":{"line":10,"column":53},"end":{"line":10,"column":67}}],"line":10},"2":{"loc":{"start":{"line":12,"column":50},"end":{"line":12,"column":151}},"type":"if","locations":[{"start":{"line":12,"column":50},"end":{"line":12,"column":151}},{"start":{"line":12,"column":50},"end":{"line":12,"column":151}}],"line":12},"3":{"loc":{"start":{"line":14,"column":136},"end":{"line":14,"column":166}},"type":"binary-expr","locations":[{"start":{"line":14,"column":136},"end":{"line":14,"column":157}},{"start":{"line":14,"column":161},"end":{"line":14,"column":166}}],"line":14},"4":{"loc":{"start":{"line":14,"column":200},"end":{"line":14,"column":254}},"type":"if","locations":[{"start":{"line":14,"column":200},"end":{"line":14,"column":254}},{"start":{"line":14,"column":200},"end":{"line":14,"column":254}}],"line":14},"5":{"loc":{"start":{"line":16,"column":62},"end":{"line":16,"column":131}},"type":"if","locations":[{"start":{"line":16,"column":62},"end":{"line":16,"column":131}},{"start":{"line":16,"column":62},"end":{"line":16,"column":131}}],"line":16},"6":{"loc":{"start":{"line":16,"column":132},"end":{"line":16,"column":193}},"type":"if","locations":[{"start":{"line":16,"column":132},"end":{"line":16,"column":193}},{"start":{"line":16,"column":132},"end":{"line":16,"column":193}}],"line":16},"7":{"loc":{"start":{"line":24,"column":20},"end":{"line":24,"column":75}},"type":"cond-expr","locations":[{"start":{"line":24,"column":54},"end":{"line":24,"column":70}},{"start":{"line":24,"column":73},"end":{"line":24,"column":75}}],"line":24},"8":{"loc":{"start":{"line":32,"column":6},"end":{"line":34,"column":7}},"type":"if","locations":[{"start":{"line":32,"column":6},"end":{"line":34,"column":7}},{"start":{"line":32,"column":6},"end":{"line":34,"column":7}}],"line":32},"9":{"loc":{"start":{"line":36,"column":6},"end":{"line":38,"column":7}},"type":"if","locations":[{"start":{"line":36,"column":6},"end":{"line":38,"column":7}},{"start":{"line":36,"column":6},"end":{"line":38,"column":7}}],"line":36}},"s":{"0":1,"1":1,"2":1,"3":1,"4":56,"5":0,"6":1,"7":1,"8":1,"9":1,"10":1,"11":1,"12":1,"13":1,"14":1,"15":1,"16":1,"17":0,"18":1,"19":1,"20":56,"21":56,"22":56,"23":56,"24":1,"25":165,"26":6,"27":159,"28":124,"29":35,"30":35,"31":35,"32":35,"33":35,"34":1,"35":1},"f":{"0":1,"1":56,"2":1,"3":1,"4":1,"5":56,"6":165},"b":{"0":[1,0],"1":[1,1],"2":[0,56],"3":[1,1],"4":[1,0],"5":[1,0],"6":[0,1],"7":[56,0],"8":[6,159],"9":[124,35]},"_coverageSchema":"43e27e138ebf9cfc5966b082cf9a028302ed4184","hash":"fa9a9e6456250801a98412e2ad74e45a0eb558fd","contentHash":"a139cd3f5869ad354131f28a9bb207e794d376cd6141c1d3c89370bfc5fb5b42"},"/Users/jared.barnes/Documents/motion-ux/lib/BezierCurve.js":{"path":"/Users/jared.barnes/Documents/motion-ux/lib/BezierCurve.js","statementMap":{"0":{"start":{"line":3,"column":0},"end":{"line":5,"column":3}},"1":{"start":{"line":6,"column":0},"end":{"line":6,"column":25}},"2":{"start":{"line":8,"column":50},"end":{"line":8,"column":151}},"3":{"start":{"line":8,"column":92},"end":{"line":8,"column":149}},"4":{"start":{"line":10,"column":44},"end":{"line":10,"column":315}},"5":{"start":{"line":10,"column":57},"end":{"line":10,"column":58}},"6":{"start":{"line":10,"column":102},"end":{"line":10,"column":110}},"7":{"start":{"line":10,"column":112},"end":{"line":10,"column":167}},"8":{"start":{"line":10,"column":168},"end":{"line":10,"column":199}},"9":{"start":{"line":10,"column":200},"end":{"line":10,"column":254}},"10":{"start":{"line":10,"column":227},"end":{"line":10,"column":254}},"11":{"start":{"line":10,"column":255},"end":{"line":10,"column":313}},"12":{"start":{"line":12,"column":62},"end":{"line":12,"column":131}},"13":{"start":{"line":12,"column":78},"end":{"line":12,"column":131}},"14":{"start":{"line":12,"column":132},"end":{"line":12,"column":193}},"15":{"start":{"line":12,"column":149},"end":{"line":12,"column":193}},"16":{"start":{"line":12,"column":194},"end":{"line":12,"column":213}},"17":{"start":{"line":16,"column":0},"end":{"line":75,"column":3}},"18":{"start":{"line":18,"column":4},"end":{"line":18,"column":39}},"19":{"start":{"line":20,"column":4},"end":{"line":20,"column":25}},"20":{"start":{"line":21,"column":4},"end":{"line":21,"column":24}},"21":{"start":{"line":24,"column":2},"end":{"line":72,"column":6}},"22":{"start":{"line":27,"column":18},"end":{"line":27,"column":22}},"23":{"start":{"line":29,"column":26},"end":{"line":36,"column":12}},"24":{"start":{"line":30,"column":8},"end":{"line":33,"column":9}},"25":{"start":{"line":31,"column":26},"end":{"line":31,"column":43}},"26":{"start":{"line":32,"column":10},"end":{"line":32,"column":77}},"27":{"start":{"line":35,"column":8},"end":{"line":35,"column":29}},"28":{"start":{"line":38,"column":6},"end":{"line":40,"column":7}},"29":{"start":{"line":39,"column":8},"end":{"line":39,"column":49}},"30":{"start":{"line":42,"column":6},"end":{"line":42,"column":30}},"31":{"start":{"line":47,"column":6},"end":{"line":47,"column":35}},"32":{"start":{"line":48,"column":6},"end":{"line":48,"column":28}},"33":{"start":{"line":49,"column":6},"end":{"line":49,"column":45}},"34":{"start":{"line":54,"column":19},"end":{"line":54,"column":23}},"35":{"start":{"line":56,"column":6},"end":{"line":58,"column":7}},"36":{"start":{"line":57,"column":8},"end":{"line":57,"column":79}},"37":{"start":{"line":60,"column":26},"end":{"line":60,"column":70}},"38":{"start":{"line":61,"column":6},"end":{"line":63,"column":9}},"39":{"start":{"line":62,"column":8},"end":{"line":62,"column":46}},"40":{"start":{"line":68,"column":6},"end":{"line":70,"column":7}},"41":{"start":{"line":69,"column":8},"end":{"line":69,"column":69}},"42":{"start":{"line":74,"column":2},"end":{"line":74,"column":21}},"43":{"start":{"line":77,"column":0},"end":{"line":77,"column":30}}},"fnMap":{"0":{"name":"_classCallCheck","decl":{"start":{"line":8,"column":9},"end":{"line":8,"column":24}},"loc":{"start":{"line":8,"column":48},"end":{"line":8,"column":153}},"line":8},"1":{"name":"_defineProperties","decl":{"start":{"line":10,"column":9},"end":{"line":10,"column":26}},"loc":{"start":{"line":10,"column":42},"end":{"line":10,"column":317}},"line":10},"2":{"name":"_createClass","decl":{"start":{"line":12,"column":9},"end":{"line":12,"column":21}},"loc":{"start":{"line":12,"column":60},"end":{"line":12,"column":215}},"line":12},"3":{"name":"(anonymous_3)","decl":{"start":{"line":16,"column":0},"end":{"line":16,"column":1}},"loc":{"start":{"line":16,"column":12},"end":{"line":75,"column":1}},"line":16},"4":{"name":"BezierCurve","decl":{"start":{"line":17,"column":11},"end":{"line":17,"column":22}},"loc":{"start":{"line":17,"column":31},"end":{"line":22,"column":3}},"line":17},"5":{"name":"reduceToPoint","decl":{"start":{"line":26,"column":20},"end":{"line":26,"column":33}},"loc":{"start":{"line":26,"column":42},"end":{"line":43,"column":5}},"line":26},"6":{"name":"(anonymous_6)","decl":{"start":{"line":29,"column":40},"end":{"line":29,"column":41}},"loc":{"start":{"line":29,"column":79},"end":{"line":36,"column":7}},"line":29},"7":{"name":"valueAt","decl":{"start":{"line":46,"column":20},"end":{"line":46,"column":27}},"loc":{"start":{"line":46,"column":40},"end":{"line":50,"column":5}},"line":46},"8":{"name":"validatePoints","decl":{"start":{"line":53,"column":20},"end":{"line":53,"column":34}},"loc":{"start":{"line":53,"column":37},"end":{"line":64,"column":5}},"line":53},"9":{"name":"(anonymous_9)","decl":{"start":{"line":61,"column":28},"end":{"line":61,"column":29}},"loc":{"start":{"line":61,"column":45},"end":{"line":63,"column":7}},"line":61},"10":{"name":"assertValidPoint","decl":{"start":{"line":67,"column":20},"end":{"line":67,"column":36}},"loc":{"start":{"line":67,"column":44},"end":{"line":71,"column":5}},"line":67}},"branchMap":{"0":{"loc":{"start":{"line":8,"column":50},"end":{"line":8,"column":151}},"type":"if","locations":[{"start":{"line":8,"column":50},"end":{"line":8,"column":151}},{"start":{"line":8,"column":50},"end":{"line":8,"column":151}}],"line":8},"1":{"loc":{"start":{"line":10,"column":136},"end":{"line":10,"column":166}},"type":"binary-expr","locations":[{"start":{"line":10,"column":136},"end":{"line":10,"column":157}},{"start":{"line":10,"column":161},"end":{"line":10,"column":166}}],"line":10},"2":{"loc":{"start":{"line":10,"column":200},"end":{"line":10,"column":254}},"type":"if","locations":[{"start":{"line":10,"column":200},"end":{"line":10,"column":254}},{"start":{"line":10,"column":200},"end":{"line":10,"column":254}}],"line":10},"3":{"loc":{"start":{"line":12,"column":62},"end":{"line":12,"column":131}},"type":"if","locations":[{"start":{"line":12,"column":62},"end":{"line":12,"column":131}},{"start":{"line":12,"column":62},"end":{"line":12,"column":131}}],"line":12},"4":{"loc":{"start":{"line":12,"column":132},"end":{"line":12,"column":193}},"type":"if","locations":[{"start":{"line":12,"column":132},"end":{"line":12,"column":193}},{"start":{"line":12,"column":132},"end":{"line":12,"column":193}}],"line":12},"5":{"loc":{"start":{"line":30,"column":8},"end":{"line":33,"column":9}},"type":"if","locations":[{"start":{"line":30,"column":8},"end":{"line":33,"column":9}},{"start":{"line":30,"column":8},"end":{"line":33,"column":9}}],"line":30},"6":{"loc":{"start":{"line":38,"column":6},"end":{"line":40,"column":7}},"type":"if","locations":[{"start":{"line":38,"column":6},"end":{"line":40,"column":7}},{"start":{"line":38,"column":6},"end":{"line":40,"column":7}}],"line":38},"7":{"loc":{"start":{"line":56,"column":6},"end":{"line":58,"column":7}},"type":"if","locations":[{"start":{"line":56,"column":6},"end":{"line":58,"column":7}},{"start":{"line":56,"column":6},"end":{"line":58,"column":7}}],"line":56},"8":{"loc":{"start":{"line":68,"column":6},"end":{"line":70,"column":7}},"type":"if","locations":[{"start":{"line":68,"column":6},"end":{"line":70,"column":7}},{"start":{"line":68,"column":6},"end":{"line":70,"column":7}}],"line":68}},"s":{"0":1,"1":1,"2":56,"3":0,"4":1,"5":1,"6":4,"7":4,"8":4,"9":4,"10":4,"11":4,"12":1,"13":1,"14":1,"15":0,"16":1,"17":1,"18":56,"19":56,"20":56,"21":1,"22":35,"23":35,"24":70,"25":35,"26":35,"27":70,"28":35,"29":0,"30":35,"31":35,"32":35,"33":35,"34":35,"35":35,"36":0,"37":35,"38":35,"39":0,"40":0,"41":0,"42":1,"43":1},"f":{"0":56,"1":1,"2":1,"3":1,"4":56,"5":35,"6":70,"7":35,"8":35,"9":0,"10":0},"b":{"0":[0,56],"1":[4,4],"2":[4,0],"3":[1,0],"4":[0,1],"5":[35,35],"6":[0,35],"7":[0,35],"8":[0,0]},"_coverageSchema":"43e27e138ebf9cfc5966b082cf9a028302ed4184","hash":"1fef8e075f57356abbc7b535260dab8ddce5d664","contentHash":"c3efd0a297fd9a68a92fe020613a6553990ec653d8035782c6a46147446c1fa7"},"/Users/jared.barnes/Documents/motion-ux/lib/easings.js":{"path":"/Users/jared.barnes/Documents/motion-ux/lib/easings.js","statementMap":{"0":{"start":{"line":3,"column":0},"end":{"line":5,"column":3}},"1":{"start":{"line":6,"column":0},"end":{"line":6,"column":25}},"2":{"start":{"line":7,"column":14},"end":{"line":159,"column":1}},"3":{"start":{"line":9,"column":4},"end":{"line":9,"column":32}},"4":{"start":{"line":12,"column":4},"end":{"line":12,"column":39}},"5":{"start":{"line":15,"column":4},"end":{"line":15,"column":51}},"6":{"start":{"line":15,"column":26},"end":{"line":15,"column":51}},"7":{"start":{"line":16,"column":4},"end":{"line":16,"column":44}},"8":{"start":{"line":19,"column":4},"end":{"line":19,"column":36}},"9":{"start":{"line":22,"column":4},"end":{"line":22,"column":49}},"10":{"start":{"line":25,"column":4},"end":{"line":25,"column":55}},"11":{"start":{"line":25,"column":26},"end":{"line":25,"column":55}},"12":{"start":{"line":26,"column":4},"end":{"line":26,"column":46}},"13":{"start":{"line":29,"column":4},"end":{"line":29,"column":40}},"14":{"start":{"line":32,"column":4},"end":{"line":32,"column":54}},"15":{"start":{"line":35,"column":4},"end":{"line":35,"column":59}},"16":{"start":{"line":35,"column":26},"end":{"line":35,"column":59}},"17":{"start":{"line":36,"column":4},"end":{"line":36,"column":51}},"18":{"start":{"line":39,"column":4},"end":{"line":39,"column":44}},"19":{"start":{"line":42,"column":4},"end":{"line":42,"column":57}},"20":{"start":{"line":45,"column":4},"end":{"line":45,"column":63}},"21":{"start":{"line":45,"column":26},"end":{"line":45,"column":63}},"22":{"start":{"line":46,"column":4},"end":{"line":46,"column":54}},"23":{"start":{"line":49,"column":4},"end":{"line":49,"column":56}},"24":{"start":{"line":52,"column":4},"end":{"line":52,"column":51}},"25":{"start":{"line":55,"column":4},"end":{"line":55,"column":56}},"26":{"start":{"line":58,"column":4},"end":{"line":58,"column":62}},"27":{"start":{"line":61,"column":4},"end":{"line":61,"column":68}},"28":{"start":{"line":64,"column":4},"end":{"line":64,"column":25}},"29":{"start":{"line":64,"column":16},"end":{"line":64,"column":25}},"30":{"start":{"line":65,"column":4},"end":{"line":65,"column":29}},"31":{"start":{"line":65,"column":16},"end":{"line":65,"column":29}},"32":{"start":{"line":66,"column":4},"end":{"line":66,"column":71}},"33":{"start":{"line":66,"column":26},"end":{"line":66,"column":71}},"34":{"start":{"line":67,"column":4},"end":{"line":67,"column":53}},"35":{"start":{"line":70,"column":4},"end":{"line":70,"column":54}},"36":{"start":{"line":73,"column":4},"end":{"line":73,"column":54}},"37":{"start":{"line":76,"column":4},"end":{"line":76,"column":73}},"38":{"start":{"line":76,"column":26},"end":{"line":76,"column":73}},"39":{"start":{"line":77,"column":4},"end":{"line":77,"column":57}},"40":{"start":{"line":80,"column":12},"end":{"line":80,"column":19}},"41":{"start":{"line":81,"column":12},"end":{"line":81,"column":13}},"42":{"start":{"line":82,"column":12},"end":{"line":82,"column":13}},"43":{"start":{"line":83,"column":4},"end":{"line":83,"column":25}},"44":{"start":{"line":83,"column":16},"end":{"line":83,"column":25}},"45":{"start":{"line":84,"column":4},"end":{"line":84,"column":36}},"46":{"start":{"line":84,"column":23},"end":{"line":84,"column":36}},"47":{"start":{"line":85,"column":4},"end":{"line":85,"column":23}},"48":{"start":{"line":85,"column":12},"end":{"line":85,"column":23}},"49":{"start":{"line":87,"column":4},"end":{"line":90,"column":56}},"50":{"start":{"line":88,"column":6},"end":{"line":88,"column":12}},"51":{"start":{"line":89,"column":14},"end":{"line":89,"column":19}},"52":{"start":{"line":90,"column":19},"end":{"line":90,"column":55}},"53":{"start":{"line":92,"column":4},"end":{"line":92,"column":93}},"54":{"start":{"line":95,"column":12},"end":{"line":95,"column":19}},"55":{"start":{"line":96,"column":12},"end":{"line":96,"column":13}},"56":{"start":{"line":97,"column":12},"end":{"line":97,"column":13}},"57":{"start":{"line":98,"column":4},"end":{"line":98,"column":25}},"58":{"start":{"line":98,"column":16},"end":{"line":98,"column":25}},"59":{"start":{"line":99,"column":4},"end":{"line":99,"column":36}},"60":{"start":{"line":99,"column":23},"end":{"line":99,"column":36}},"61":{"start":{"line":100,"column":4},"end":{"line":100,"column":23}},"62":{"start":{"line":100,"column":12},"end":{"line":100,"column":23}},"63":{"start":{"line":102,"column":4},"end":{"line":105,"column":56}},"64":{"start":{"line":103,"column":6},"end":{"line":103,"column":12}},"65":{"start":{"line":104,"column":14},"end":{"line":104,"column":19}},"66":{"start":{"line":105,"column":19},"end":{"line":105,"column":55}},"67":{"start":{"line":107,"column":4},"end":{"line":107,"column":88}},"68":{"start":{"line":110,"column":12},"end":{"line":110,"column":19}},"69":{"start":{"line":111,"column":12},"end":{"line":111,"column":13}},"70":{"start":{"line":112,"column":12},"end":{"line":112,"column":13}},"71":{"start":{"line":113,"column":4},"end":{"line":113,"column":25}},"72":{"start":{"line":113,"column":16},"end":{"line":113,"column":25}},"73":{"start":{"line":114,"column":4},"end":{"line":114,"column":40}},"74":{"start":{"line":114,"column":27},"end":{"line":114,"column":40}},"75":{"start":{"line":115,"column":4},"end":{"line":115,"column":31}},"76":{"start":{"line":115,"column":12},"end":{"line":115,"column":31}},"77":{"start":{"line":117,"column":4},"end":{"line":120,"column":56}},"78":{"start":{"line":118,"column":6},"end":{"line":118,"column":12}},"79":{"start":{"line":119,"column":14},"end":{"line":119,"column":19}},"80":{"start":{"line":120,"column":19},"end":{"line":120,"column":55}},"81":{"start":{"line":122,"column":4},"end":{"line":122,"column":109}},"82":{"start":{"line":122,"column":15},"end":{"line":122,"column":109}},"83":{"start":{"line":123,"column":4},"end":{"line":123,"column":100}},"84":{"start":{"line":126,"column":4},"end":{"line":126,"column":36}},"85":{"start":{"line":126,"column":24},"end":{"line":126,"column":36}},"86":{"start":{"line":127,"column":4},"end":{"line":127,"column":52}},"87":{"start":{"line":130,"column":4},"end":{"line":130,"column":36}},"88":{"start":{"line":130,"column":24},"end":{"line":130,"column":36}},"89":{"start":{"line":131,"column":4},"end":{"line":131,"column":65}},"90":{"start":{"line":134,"column":4},"end":{"line":134,"column":36}},"91":{"start":{"line":134,"column":24},"end":{"line":134,"column":36}},"92":{"start":{"line":135,"column":4},"end":{"line":135,"column":84}},"93":{"start":{"line":135,"column":26},"end":{"line":135,"column":84}},"94":{"start":{"line":136,"column":4},"end":{"line":136,"column":73}},"95":{"start":{"line":139,"column":4},"end":{"line":139,"column":57}},"96":{"start":{"line":142,"column":4},"end":{"line":150,"column":5}},"97":{"start":{"line":143,"column":6},"end":{"line":143,"column":38}},"98":{"start":{"line":144,"column":11},"end":{"line":150,"column":5}},"99":{"start":{"line":145,"column":6},"end":{"line":145,"column":60}},"100":{"start":{"line":146,"column":11},"end":{"line":150,"column":5}},"101":{"start":{"line":147,"column":6},"end":{"line":147,"column":63}},"102":{"start":{"line":149,"column":6},"end":{"line":149,"column":66}},"103":{"start":{"line":153,"column":4},"end":{"line":153,"column":72}},"104":{"start":{"line":153,"column":19},"end":{"line":153,"column":72}},"105":{"start":{"line":154,"column":4},"end":{"line":154,"column":71}},"106":{"start":{"line":157,"column":4},"end":{"line":157,"column":25}},"107":{"start":{"line":160,"column":15},"end":{"line":160,"column":22}},"108":{"start":{"line":161,"column":0},"end":{"line":161,"column":27}}},"fnMap":{"0":{"name":"easeInQuad","decl":{"start":{"line":8,"column":23},"end":{"line":8,"column":33}},"loc":{"start":{"line":8,"column":46},"end":{"line":10,"column":3}},"line":8},"1":{"name":"easeOutQuad","decl":{"start":{"line":11,"column":24},"end":{"line":11,"column":35}},"loc":{"start":{"line":11,"column":48},"end":{"line":13,"column":3}},"line":11},"2":{"name":"easeInOutQuad","decl":{"start":{"line":14,"column":26},"end":{"line":14,"column":39}},"loc":{"start":{"line":14,"column":52},"end":{"line":17,"column":3}},"line":14},"3":{"name":"easeInCubic","decl":{"start":{"line":18,"column":24},"end":{"line":18,"column":35}},"loc":{"start":{"line":18,"column":48},"end":{"line":20,"column":3}},"line":18},"4":{"name":"easeOutCubic","decl":{"start":{"line":21,"column":25},"end":{"line":21,"column":37}},"loc":{"start":{"line":21,"column":50},"end":{"line":23,"column":3}},"line":21},"5":{"name":"easeInOutCubic","decl":{"start":{"line":24,"column":27},"end":{"line":24,"column":41}},"loc":{"start":{"line":24,"column":54},"end":{"line":27,"column":3}},"line":24},"6":{"name":"easeInQuart","decl":{"start":{"line":28,"column":24},"end":{"line":28,"column":35}},"loc":{"start":{"line":28,"column":48},"end":{"line":30,"column":3}},"line":28},"7":{"name":"easeOutQuart","decl":{"start":{"line":31,"column":25},"end":{"line":31,"column":37}},"loc":{"start":{"line":31,"column":50},"end":{"line":33,"column":3}},"line":31},"8":{"name":"easeInOutQuart","decl":{"start":{"line":34,"column":27},"end":{"line":34,"column":41}},"loc":{"start":{"line":34,"column":54},"end":{"line":37,"column":3}},"line":34},"9":{"name":"easeInQuint","decl":{"start":{"line":38,"column":24},"end":{"line":38,"column":35}},"loc":{"start":{"line":38,"column":48},"end":{"line":40,"column":3}},"line":38},"10":{"name":"easeOutQuint","decl":{"start":{"line":41,"column":25},"end":{"line":41,"column":37}},"loc":{"start":{"line":41,"column":50},"end":{"line":43,"column":3}},"line":41},"11":{"name":"easeInOutQuint","decl":{"start":{"line":44,"column":27},"end":{"line":44,"column":41}},"loc":{"start":{"line":44,"column":54},"end":{"line":47,"column":3}},"line":44},"12":{"name":"easeInSine","decl":{"start":{"line":48,"column":23},"end":{"line":48,"column":33}},"loc":{"start":{"line":48,"column":46},"end":{"line":50,"column":3}},"line":48},"13":{"name":"easeOutSine","decl":{"start":{"line":51,"column":24},"end":{"line":51,"column":35}},"loc":{"start":{"line":51,"column":48},"end":{"line":53,"column":3}},"line":51},"14":{"name":"easeInOutSine","decl":{"start":{"line":54,"column":26},"end":{"line":54,"column":39}},"loc":{"start":{"line":54,"column":52},"end":{"line":56,"column":3}},"line":54},"15":{"name":"easeInExpo","decl":{"start":{"line":57,"column":23},"end":{"line":57,"column":33}},"loc":{"start":{"line":57,"column":46},"end":{"line":59,"column":3}},"line":57},"16":{"name":"easeOutExpo","decl":{"start":{"line":60,"column":24},"end":{"line":60,"column":35}},"loc":{"start":{"line":60,"column":48},"end":{"line":62,"column":3}},"line":60},"17":{"name":"easeInOutExpo","decl":{"start":{"line":63,"column":26},"end":{"line":63,"column":39}},"loc":{"start":{"line":63,"column":52},"end":{"line":68,"column":3}},"line":63},"18":{"name":"easeInCirc","decl":{"start":{"line":69,"column":23},"end":{"line":69,"column":33}},"loc":{"start":{"line":69,"column":46},"end":{"line":71,"column":3}},"line":69},"19":{"name":"easeOutCirc","decl":{"start":{"line":72,"column":24},"end":{"line":72,"column":35}},"loc":{"start":{"line":72,"column":48},"end":{"line":74,"column":3}},"line":72},"20":{"name":"easeInOutCirc","decl":{"start":{"line":75,"column":26},"end":{"line":75,"column":39}},"loc":{"start":{"line":75,"column":52},"end":{"line":78,"column":3}},"line":75},"21":{"name":"easeInElastic","decl":{"start":{"line":79,"column":26},"end":{"line":79,"column":39}},"loc":{"start":{"line":79,"column":52},"end":{"line":93,"column":3}},"line":79},"22":{"name":"easeOutElastic","decl":{"start":{"line":94,"column":27},"end":{"line":94,"column":41}},"loc":{"start":{"line":94,"column":54},"end":{"line":108,"column":3}},"line":94},"23":{"name":"easeInOutElastic","decl":{"start":{"line":109,"column":29},"end":{"line":109,"column":45}},"loc":{"start":{"line":109,"column":58},"end":{"line":124,"column":3}},"line":109},"24":{"name":"easeInBack","decl":{"start":{"line":125,"column":23},"end":{"line":125,"column":33}},"loc":{"start":{"line":125,"column":49},"end":{"line":128,"column":3}},"line":125},"25":{"name":"easeOutBack","decl":{"start":{"line":129,"column":24},"end":{"line":129,"column":35}},"loc":{"start":{"line":129,"column":51},"end":{"line":132,"column":3}},"line":129},"26":{"name":"easeInOutBack","decl":{"start":{"line":133,"column":26},"end":{"line":133,"column":39}},"loc":{"start":{"line":133,"column":55},"end":{"line":137,"column":3}},"line":133},"27":{"name":"easeInBounce","decl":{"start":{"line":138,"column":25},"end":{"line":138,"column":37}},"loc":{"start":{"line":138,"column":50},"end":{"line":140,"column":3}},"line":138},"28":{"name":"easeOutBounce","decl":{"start":{"line":141,"column":26},"end":{"line":141,"column":39}},"loc":{"start":{"line":141,"column":52},"end":{"line":151,"column":3}},"line":141},"29":{"name":"easeInOutBounce","decl":{"start":{"line":152,"column":28},"end":{"line":152,"column":43}},"loc":{"start":{"line":152,"column":56},"end":{"line":155,"column":3}},"line":152},"30":{"name":"linear","decl":{"start":{"line":156,"column":19},"end":{"line":156,"column":25}},"loc":{"start":{"line":156,"column":38},"end":{"line":158,"column":3}},"line":156}},"branchMap":{"0":{"loc":{"start":{"line":15,"column":4},"end":{"line":15,"column":51}},"type":"if","locations":[{"start":{"line":15,"column":4},"end":{"line":15,"column":51}},{"start":{"line":15,"column":4},"end":{"line":15,"column":51}}],"line":15},"1":{"loc":{"start":{"line":25,"column":4},"end":{"line":25,"column":55}},"type":"if","locations":[{"start":{"line":25,"column":4},"end":{"line":25,"column":55}},{"start":{"line":25,"column":4},"end":{"line":25,"column":55}}],"line":25},"2":{"loc":{"start":{"line":35,"column":4},"end":{"line":35,"column":59}},"type":"if","locations":[{"start":{"line":35,"column":4},"end":{"line":35,"column":59}},{"start":{"line":35,"column":4},"end":{"line":35,"column":59}}],"line":35},"3":{"loc":{"start":{"line":45,"column":4},"end":{"line":45,"column":63}},"type":"if","locations":[{"start":{"line":45,"column":4},"end":{"line":45,"column":63}},{"start":{"line":45,"column":4},"end":{"line":45,"column":63}}],"line":45},"4":{"loc":{"start":{"line":58,"column":11},"end":{"line":58,"column":61}},"type":"cond-expr","locations":[{"start":{"line":58,"column":20},"end":{"line":58,"column":21}},{"start":{"line":58,"column":24},"end":{"line":58,"column":61}}],"line":58},"5":{"loc":{"start":{"line":61,"column":11},"end":{"line":61,"column":67}},"type":"cond-expr","locations":[{"start":{"line":61,"column":20},"end":{"line":61,"column":25}},{"start":{"line":61,"column":28},"end":{"line":61,"column":67}}],"line":61},"6":{"loc":{"start":{"line":64,"column":4},"end":{"line":64,"column":25}},"type":"if","locations":[{"start":{"line":64,"column":4},"end":{"line":64,"column":25}},{"start":{"line":64,"column":4},"end":{"line":64,"column":25}}],"line":64},"7":{"loc":{"start":{"line":65,"column":4},"end":{"line":65,"column":29}},"type":"if","locations":[{"start":{"line":65,"column":4},"end":{"line":65,"column":29}},{"start":{"line":65,"column":4},"end":{"line":65,"column":29}}],"line":65},"8":{"loc":{"start":{"line":66,"column":4},"end":{"line":66,"column":71}},"type":"if","locations":[{"start":{"line":66,"column":4},"end":{"line":66,"column":71}},{"start":{"line":66,"column":4},"end":{"line":66,"column":71}}],"line":66},"9":{"loc":{"start":{"line":76,"column":4},"end":{"line":76,"column":73}},"type":"if","locations":[{"start":{"line":76,"column":4},"end":{"line":76,"column":73}},{"start":{"line":76,"column":4},"end":{"line":76,"column":73}}],"line":76},"10":{"loc":{"start":{"line":83,"column":4},"end":{"line":83,"column":25}},"type":"if","locations":[{"start":{"line":83,"column":4},"end":{"line":83,"column":25}},{"start":{"line":83,"column":4},"end":{"line":83,"column":25}}],"line":83},"11":{"loc":{"start":{"line":84,"column":4},"end":{"line":84,"column":36}},"type":"if","locations":[{"start":{"line":84,"column":4},"end":{"line":84,"column":36}},{"start":{"line":84,"column":4},"end":{"line":84,"column":36}}],"line":84},"12":{"loc":{"start":{"line":85,"column":4},"end":{"line":85,"column":23}},"type":"if","locations":[{"start":{"line":85,"column":4},"end":{"line":85,"column":23}},{"start":{"line":85,"column":4},"end":{"line":85,"column":23}}],"line":85},"13":{"loc":{"start":{"line":87,"column":4},"end":{"line":90,"column":56}},"type":"if","locations":[{"start":{"line":87,"column":4},"end":{"line":90,"column":56}},{"start":{"line":87,"column":4},"end":{"line":90,"column":56}}],"line":87},"14":{"loc":{"start":{"line":98,"column":4},"end":{"line":98,"column":25}},"type":"if","locations":[{"start":{"line":98,"column":4},"end":{"line":98,"column":25}},{"start":{"line":98,"column":4},"end":{"line":98,"column":25}}],"line":98},"15":{"loc":{"start":{"line":99,"column":4},"end":{"line":99,"column":36}},"type":"if","locations":[{"start":{"line":99,"column":4},"end":{"line":99,"column":36}},{"start":{"line":99,"column":4},"end":{"line":99,"column":36}}],"line":99},"16":{"loc":{"start":{"line":100,"column":4},"end":{"line":100,"column":23}},"type":"if","locations":[{"start":{"line":100,"column":4},"end":{"line":100,"column":23}},{"start":{"line":100,"column":4},"end":{"line":100,"column":23}}],"line":100},"17":{"loc":{"start":{"line":102,"column":4},"end":{"line":105,"column":56}},"type":"if","locations":[{"start":{"line":102,"column":4},"end":{"line":105,"column":56}},{"start":{"line":102,"column":4},"end":{"line":105,"column":56}}],"line":102},"18":{"loc":{"start":{"line":113,"column":4},"end":{"line":113,"column":25}},"type":"if","locations":[{"start":{"line":113,"column":4},"end":{"line":113,"column":25}},{"start":{"line":113,"column":4},"end":{"line":113,"column":25}}],"line":113},"19":{"loc":{"start":{"line":114,"column":4},"end":{"line":114,"column":40}},"type":"if","locations":[{"start":{"line":114,"column":4},"end":{"line":114,"column":40}},{"start":{"line":114,"column":4},"end":{"line":114,"column":40}}],"line":114},"20":{"loc":{"start":{"line":115,"column":4},"end":{"line":115,"column":31}},"type":"if","locations":[{"start":{"line":115,"column":4},"end":{"line":115,"column":31}},{"start":{"line":115,"column":4},"end":{"line":115,"column":31}}],"line":115},"21":{"loc":{"start":{"line":117,"column":4},"end":{"line":120,"column":56}},"type":"if","locations":[{"start":{"line":117,"column":4},"end":{"line":120,"column":56}},{"start":{"line":117,"column":4},"end":{"line":120,"column":56}}],"line":117},"22":{"loc":{"start":{"line":122,"column":4},"end":{"line":122,"column":109}},"type":"if","locations":[{"start":{"line":122,"column":4},"end":{"line":122,"column":109}},{"start":{"line":122,"column":4},"end":{"line":122,"column":109}}],"line":122},"23":{"loc":{"start":{"line":126,"column":4},"end":{"line":126,"column":36}},"type":"if","locations":[{"start":{"line":126,"column":4},"end":{"line":126,"column":36}},{"start":{"line":126,"column":4},"end":{"line":126,"column":36}}],"line":126},"24":{"loc":{"start":{"line":130,"column":4},"end":{"line":130,"column":36}},"type":"if","locations":[{"start":{"line":130,"column":4},"end":{"line":130,"column":36}},{"start":{"line":130,"column":4},"end":{"line":130,"column":36}}],"line":130},"25":{"loc":{"start":{"line":134,"column":4},"end":{"line":134,"column":36}},"type":"if","locations":[{"start":{"line":134,"column":4},"end":{"line":134,"column":36}},{"start":{"line":134,"column":4},"end":{"line":134,"column":36}}],"line":134},"26":{"loc":{"start":{"line":135,"column":4},"end":{"line":135,"column":84}},"type":"if","locations":[{"start":{"line":135,"column":4},"end":{"line":135,"column":84}},{"start":{"line":135,"column":4},"end":{"line":135,"column":84}}],"line":135},"27":{"loc":{"start":{"line":142,"column":4},"end":{"line":150,"column":5}},"type":"if","locations":[{"start":{"line":142,"column":4},"end":{"line":150,"column":5}},{"start":{"line":142,"column":4},"end":{"line":150,"column":5}}],"line":142},"28":{"loc":{"start":{"line":144,"column":11},"end":{"line":150,"column":5}},"type":"if","locations":[{"start":{"line":144,"column":11},"end":{"line":150,"column":5}},{"start":{"line":144,"column":11},"end":{"line":150,"column":5}}],"line":144},"29":{"loc":{"start":{"line":146,"column":11},"end":{"line":150,"column":5}},"type":"if","locations":[{"start":{"line":146,"column":11},"end":{"line":150,"column":5}},{"start":{"line":146,"column":11},"end":{"line":150,"column":5}}],"line":146},"30":{"loc":{"start":{"line":153,"column":4},"end":{"line":153,"column":72}},"type":"if","locations":[{"start":{"line":153,"column":4},"end":{"line":153,"column":72}},{"start":{"line":153,"column":4},"end":{"line":153,"column":72}}],"line":153}},"s":{"0":1,"1":1,"2":1,"3":0,"4":0,"5":0,"6":0,"7":0,"8":0,"9":0,"10":0,"11":0,"12":0,"13":0,"14":0,"15":0,"16":0,"17":0,"18":0,"19":0,"20":0,"21":0,"22":0,"23":0,"24":0,"25":0,"26":0,"27":0,"28":0,"29":0,"30":0,"31":0,"32":0,"33":0,"34":0,"35":0,"36":0,"37":0,"38":0,"39":0,"40":0,"41":0,"42":0,"43":0,"44":0,"45":0,"46":0,"47":0,"48":0,"49":0,"50":0,"51":0,"52":0,"53":0,"54":0,"55":0,"56":0,"57":0,"58":0,"59":0,"60":0,"61":0,"62":0,"63":0,"64":0,"65":0,"66":0,"67":0,"68":0,"69":0,"70":0,"71":0,"72":0,"73":0,"74":0,"75":0,"76":0,"77":0,"78":0,"79":0,"80":0,"81":0,"82":0,"83":0,"84":0,"85":0,"86":0,"87":0,"88":0,"89":0,"90":0,"91":0,"92":0,"93":0,"94":0,"95":0,"96":0,"97":0,"98":0,"99":0,"100":0,"101":0,"102":0,"103":0,"104":0,"105":0,"106":35,"107":1,"108":1},"f":{"0":0,"1":0,"2":0,"3":0,"4":0,"5":0,"6":0,"7":0,"8":0,"9":0,"10":0,"11":0,"12":0,"13":0,"14":0,"15":0,"16":0,"17":0,"18":0,"19":0,"20":0,"21":0,"22":0,"23":0,"24":0,"25":0,"26":0,"27":0,"28":0,"29":0,"30":35},"b":{"0":[0,0],"1":[0,0],"2":[0,0],"3":[0,0],"4":[0,0],"5":[0,0],"6":[0,0],"7":[0,0],"8":[0,0],"9":[0,0],"10":[0,0],"11":[0,0],"12":[0,0],"13":[0,0],"14":[0,0],"15":[0,0],"16":[0,0],"17":[0,0],"18":[0,0],"19":[0,0],"20":[0,0],"21":[0,0],"22":[0,0],"23":[0,0],"24":[0,0],"25":[0,0],"26":[0,0],"27":[0,0],"28":[0,0],"29":[0,0],"30":[0,0]},"_coverageSchema":"43e27e138ebf9cfc5966b082cf9a028302ed4184","hash":"ad1cb79cf614bcb9ecb26f78a49ae9ac1286594e","contentHash":"53c5cbc5f8947eebec4a749dcab15d313b2d24cbb1d9dbf17f9c025cf82d4c98"},"/Users/jared.barnes/Documents/motion-ux/lib/patterns/hex.js":{"path":"/Users/jared.barnes/Documents/motion-ux/lib/patterns/hex.js","statementMap":{"0":{"start":{"line":3,"column":0},"end":{"line":5,"column":3}},"1":{"start":{"line":6,"column":0},"end":{"line":6,"column":25}},"2":{"start":{"line":8,"column":28},"end":{"line":8,"column":61}},"3":{"start":{"line":10,"column":10},"end":{"line":10,"column":88}},"4":{"start":{"line":11,"column":15},"end":{"line":11,"column":18}},"5":{"start":{"line":12,"column":0},"end":{"line":12,"column":27}}},"fnMap":{},"branchMap":{},"s":{"0":1,"1":1,"2":1,"3":1,"4":1,"5":1},"f":{},"b":{},"_coverageSchema":"43e27e138ebf9cfc5966b082cf9a028302ed4184","hash":"ac90fab2e91797201a53d3bada6d0f216d305781","contentHash":"3b1a928b2b095391b8c47a4f48790fd4e3036fa822bc505279b7e5d154de4b0a"},"/Users/jared.barnes/Documents/motion-ux/lib/tests/MethodNodeAnimator.js":{"path":"/Users/jared.barnes/Documents/motion-ux/lib/tests/MethodNodeAnimator.js","statementMap":{"0":{"start":{"line":3,"column":26},"end":{"line":3,"column":95}},"1":{"start":{"line":5,"column":15},"end":{"line":5,"column":63}},"2":{"start":{"line":7,"column":14},"end":{"line":7,"column":70}},"3":{"start":{"line":9,"column":28},"end":{"line":9,"column":61}},"4":{"start":{"line":11,"column":14},"end":{"line":11,"column":55}},"5":{"start":{"line":13,"column":39},"end":{"line":13,"column":93}},"6":{"start":{"line":17,"column":0},"end":{"line":31,"column":2}},"7":{"start":{"line":18,"column":17},"end":{"line":18,"column":101}},"8":{"start":{"line":20,"column":15},"end":{"line":20,"column":105}},"9":{"start":{"line":22,"column":17},"end":{"line":27,"column":4}},"10":{"start":{"line":28,"column":15},"end":{"line":28,"column":35}},"11":{"start":{"line":30,"column":2},"end":{"line":30,"column":66}}},"fnMap":{"0":{"name":"_interopRequireDefault","decl":{"start":{"line":13,"column":9},"end":{"line":13,"column":31}},"loc":{"start":{"line":13,"column":37},"end":{"line":13,"column":95}},"line":13},"1":{"name":"(anonymous_1)","decl":{"start":{"line":17,"column":34},"end":{"line":17,"column":35}},"loc":{"start":{"line":17,"column":46},"end":{"line":31,"column":1}},"line":17}},"branchMap":{"0":{"loc":{"start":{"line":13,"column":46},"end":{"line":13,"column":92}},"type":"cond-expr","locations":[{"start":{"line":13,"column":70},"end":{"line":13,"column":73}},{"start":{"line":13,"column":76},"end":{"line":13,"column":92}}],"line":13},"1":{"loc":{"start":{"line":13,"column":46},"end":{"line":13,"column":67}},"type":"binary-expr","locations":[{"start":{"line":13,"column":46},"end":{"line":13,"column":49}},{"start":{"line":13,"column":53},"end":{"line":13,"column":67}}],"line":13}},"s":{"0":1,"1":1,"2":1,"3":1,"4":1,"5":4,"6":1,"7":1,"8":1,"9":1,"10":1,"11":1},"f":{"0":4,"1":1},"b":{"0":[3,1],"1":[4,4]},"_coverageSchema":"43e27e138ebf9cfc5966b082cf9a028302ed4184","hash":"7d4a4eb06e941bf57c963841b06b0ae8b38903b6","contentHash":"0f36b5efb2f4690a851705da1f66e964632b0f58eab88e1ba44fbfe7eda8afb0"},"/Users/jared.barnes/Documents/motion-ux/lib/animators/MethodNodeAnimator.js":{"path":"/Users/jared.barnes/Documents/motion-ux/lib/animators/MethodNodeAnimator.js","statementMap":{"0":{"start":{"line":3,"column":0},"end":{"line":5,"column":3}},"1":{"start":{"line":6,"column":0},"end":{"line":6,"column":25}},"2":{"start":{"line":8,"column":26},"end":{"line":8,"column":84}},"3":{"start":{"line":10,"column":39},"end":{"line":10,"column":93}},"4":{"start":{"line":12,"column":54},"end":{"line":12,"column":73}},"5":{"start":{"line":12,"column":75},"end":{"line":12,"column":326}},"6":{"start":{"line":12,"column":125},"end":{"line":12,"column":161}},"7":{"start":{"line":12,"column":163},"end":{"line":12,"column":292}},"8":{"start":{"line":12,"column":183},"end":{"line":12,"column":292}},"9":{"start":{"line":12,"column":225},"end":{"line":12,"column":288}},"10":{"start":{"line":12,"column":293},"end":{"line":12,"column":324}},"11":{"start":{"line":12,"column":327},"end":{"line":12,"column":339}},"12":{"start":{"line":14,"column":33},"end":{"line":14,"column":501}},"13":{"start":{"line":14,"column":46},"end":{"line":14,"column":47}},"14":{"start":{"line":14,"column":91},"end":{"line":14,"column":131}},"15":{"start":{"line":14,"column":133},"end":{"line":14,"column":499}},"16":{"start":{"line":14,"column":146},"end":{"line":14,"column":239}},"17":{"start":{"line":14,"column":193},"end":{"line":14,"column":235}},"18":{"start":{"line":14,"column":247},"end":{"line":14,"column":499}},"19":{"start":{"line":14,"column":287},"end":{"line":14,"column":361}},"20":{"start":{"line":14,"column":371},"end":{"line":14,"column":497}},"21":{"start":{"line":14,"column":412},"end":{"line":14,"column":493}},"22":{"start":{"line":14,"column":502},"end":{"line":14,"column":516}},"23":{"start":{"line":16,"column":44},"end":{"line":16,"column":195}},"24":{"start":{"line":16,"column":62},"end":{"line":16,"column":166}},"25":{"start":{"line":16,"column":176},"end":{"line":16,"column":193}},"26":{"start":{"line":16,"column":196},"end":{"line":16,"column":207}},"27":{"start":{"line":18,"column":50},"end":{"line":18,"column":151}},"28":{"start":{"line":18,"column":92},"end":{"line":18,"column":149}},"29":{"start":{"line":20,"column":44},"end":{"line":20,"column":315}},"30":{"start":{"line":20,"column":57},"end":{"line":20,"column":58}},"31":{"start":{"line":20,"column":102},"end":{"line":20,"column":110}},"32":{"start":{"line":20,"column":112},"end":{"line":20,"column":167}},"33":{"start":{"line":20,"column":168},"end":{"line":20,"column":199}},"34":{"start":{"line":20,"column":200},"end":{"line":20,"column":254}},"35":{"start":{"line":20,"column":227},"end":{"line":20,"column":254}},"36":{"start":{"line":20,"column":255},"end":{"line":20,"column":313}},"37":{"start":{"line":22,"column":62},"end":{"line":22,"column":131}},"38":{"start":{"line":22,"column":78},"end":{"line":22,"column":131}},"39":{"start":{"line":22,"column":132},"end":{"line":22,"column":193}},"40":{"start":{"line":22,"column":149},"end":{"line":22,"column":193}},"41":{"start":{"line":22,"column":194},"end":{"line":22,"column":213}},"42":{"start":{"line":24,"column":20},"end":{"line":26,"column":1}},"43":{"start":{"line":25,"column":2},"end":{"line":25,"column":35}},"44":{"start":{"line":28,"column":19},"end":{"line":30,"column":1}},"45":{"start":{"line":29,"column":2},"end":{"line":29,"column":32}},"46":{"start":{"line":32,"column":21},"end":{"line":34,"column":1}},"47":{"start":{"line":33,"column":2},"end":{"line":33,"column":30}},"48":{"start":{"line":36,"column":15},"end":{"line":38,"column":1}},"49":{"start":{"line":37,"column":2},"end":{"line":37,"column":73}},"50":{"start":{"line":42,"column":0},"end":{"line":96,"column":3}},"51":{"start":{"line":44,"column":4},"end":{"line":44,"column":46}},"52":{"start":{"line":46,"column":4},"end":{"line":46,"column":27}},"53":{"start":{"line":47,"column":4},"end":{"line":47,"column":22}},"54":{"start":{"line":48,"column":4},"end":{"line":48,"column":27}},"55":{"start":{"line":49,"column":4},"end":{"line":49,"column":43}},"56":{"start":{"line":51,"column":4},"end":{"line":51,"column":37}},"57":{"start":{"line":54,"column":2},"end":{"line":93,"column":6}},"58":{"start":{"line":57,"column":6},"end":{"line":57,"column":54}},"59":{"start":{"line":62,"column":18},"end":{"line":62,"column":22}},"60":{"start":{"line":64,"column":6},"end":{"line":72,"column":9}},"61":{"start":{"line":65,"column":23},"end":{"line":67,"column":10}},"62":{"start":{"line":66,"column":10},"end":{"line":66,"column":28}},"63":{"start":{"line":69,"column":8},"end":{"line":71,"column":12}},"64":{"start":{"line":77,"column":6},"end":{"line":77,"column":74}},"65":{"start":{"line":82,"column":23},"end":{"line":82,"column":38}},"66":{"start":{"line":83,"column":17},"end":{"line":83,"column":39}},"67":{"start":{"line":84,"column":6},"end":{"line":84,"column":58}},"68":{"start":{"line":89,"column":6},"end":{"line":91,"column":20}},"69":{"start":{"line":90,"column":8},"end":{"line":90,"column":41}},"70":{"start":{"line":95,"column":2},"end":{"line":95,"column":28}},"71":{"start":{"line":98,"column":0},"end":{"line":98,"column":37}}},"fnMap":{"0":{"name":"_interopRequireDefault","decl":{"start":{"line":10,"column":9},"end":{"line":10,"column":31}},"loc":{"start":{"line":10,"column":37},"end":{"line":10,"column":95}},"line":10},"1":{"name":"ownKeys","decl":{"start":{"line":12,"column":9},"end":{"line":12,"column":16}},"loc":{"start":{"line":12,"column":41},"end":{"line":12,"column":341}},"line":12},"2":{"name":"(anonymous_2)","decl":{"start":{"line":12,"column":208},"end":{"line":12,"column":209}},"loc":{"start":{"line":12,"column":223},"end":{"line":12,"column":290}},"line":12},"3":{"name":"_objectSpread","decl":{"start":{"line":14,"column":9},"end":{"line":14,"column":22}},"loc":{"start":{"line":14,"column":31},"end":{"line":14,"column":518}},"line":14},"4":{"name":"(anonymous_4)","decl":{"start":{"line":14,"column":176},"end":{"line":14,"column":177}},"loc":{"start":{"line":14,"column":191},"end":{"line":14,"column":237}},"line":14},"5":{"name":"(anonymous_5)","decl":{"start":{"line":14,"column":395},"end":{"line":14,"column":396}},"loc":{"start":{"line":14,"column":410},"end":{"line":14,"column":495}},"line":14},"6":{"name":"_defineProperty","decl":{"start":{"line":16,"column":9},"end":{"line":16,"column":24}},"loc":{"start":{"line":16,"column":42},"end":{"line":16,"column":209}},"line":16},"7":{"name":"_classCallCheck","decl":{"start":{"line":18,"column":9},"end":{"line":18,"column":24}},"loc":{"start":{"line":18,"column":48},"end":{"line":18,"column":153}},"line":18},"8":{"name":"_defineProperties","decl":{"start":{"line":20,"column":9},"end":{"line":20,"column":26}},"loc":{"start":{"line":20,"column":42},"end":{"line":20,"column":317}},"line":20},"9":{"name":"_createClass","decl":{"start":{"line":22,"column":9},"end":{"line":22,"column":21}},"loc":{"start":{"line":22,"column":60},"end":{"line":22,"column":215}},"line":22},"10":{"name":"findArguments","decl":{"start":{"line":24,"column":29},"end":{"line":24,"column":42}},"loc":{"start":{"line":24,"column":49},"end":{"line":26,"column":1}},"line":24},"11":{"name":"filterValues","decl":{"start":{"line":28,"column":28},"end":{"line":28,"column":40}},"loc":{"start":{"line":28,"column":47},"end":{"line":30,"column":1}},"line":28},"12":{"name":"findMethodName","decl":{"start":{"line":32,"column":30},"end":{"line":32,"column":44}},"loc":{"start":{"line":32,"column":51},"end":{"line":34,"column":1}},"line":32},"13":{"name":"findArgs","decl":{"start":{"line":36,"column":24},"end":{"line":36,"column":32}},"loc":{"start":{"line":36,"column":39},"end":{"line":38,"column":1}},"line":36},"14":{"name":"(anonymous_14)","decl":{"start":{"line":42,"column":0},"end":{"line":42,"column":1}},"loc":{"start":{"line":42,"column":12},"end":{"line":96,"column":1}},"line":42},"15":{"name":"MethodNodeAnimator","decl":{"start":{"line":43,"column":11},"end":{"line":43,"column":29}},"loc":{"start":{"line":43,"column":39},"end":{"line":52,"column":3}},"line":43},"16":{"name":"createArgs","decl":{"start":{"line":56,"column":20},"end":{"line":56,"column":30}},"loc":{"start":{"line":56,"column":33},"end":{"line":58,"column":5}},"line":56},"17":{"name":"createAnimators","decl":{"start":{"line":61,"column":20},"end":{"line":61,"column":35}},"loc":{"start":{"line":61,"column":38},"end":{"line":73,"column":5}},"line":61},"18":{"name":"(anonymous_18)","decl":{"start":{"line":64,"column":40},"end":{"line":64,"column":41}},"loc":{"start":{"line":64,"column":60},"end":{"line":72,"column":7}},"line":64},"19":{"name":"(anonymous_19)","decl":{"start":{"line":65,"column":38},"end":{"line":65,"column":39}},"loc":{"start":{"line":65,"column":53},"end":{"line":67,"column":9}},"line":65},"20":{"name":"getMethodName","decl":{"start":{"line":76,"column":20},"end":{"line":76,"column":33}},"loc":{"start":{"line":76,"column":36},"end":{"line":78,"column":5}},"line":76},"21":{"name":"render","decl":{"start":{"line":81,"column":20},"end":{"line":81,"column":26}},"loc":{"start":{"line":81,"column":37},"end":{"line":85,"column":5}},"line":81},"22":{"name":"getArgs","decl":{"start":{"line":88,"column":20},"end":{"line":88,"column":27}},"loc":{"start":{"line":88,"column":38},"end":{"line":92,"column":5}},"line":88},"23":{"name":"(anonymous_23)","decl":{"start":{"line":89,"column":32},"end":{"line":89,"column":33}},"loc":{"start":{"line":89,"column":52},"end":{"line":91,"column":7}},"line":89}},"branchMap":{"0":{"loc":{"start":{"line":10,"column":46},"end":{"line":10,"column":92}},"type":"cond-expr","locations":[{"start":{"line":10,"column":70},"end":{"line":10,"column":73}},{"start":{"line":10,"column":76},"end":{"line":10,"column":92}}],"line":10},"1":{"loc":{"start":{"line":10,"column":46},"end":{"line":10,"column":67}},"type":"binary-expr","locations":[{"start":{"line":10,"column":46},"end":{"line":10,"column":49}},{"start":{"line":10,"column":53},"end":{"line":10,"column":67}}],"line":10},"2":{"loc":{"start":{"line":12,"column":75},"end":{"line":12,"column":326}},"type":"if","locations":[{"start":{"line":12,"column":75},"end":{"line":12,"column":326}},{"start":{"line":12,"column":75},"end":{"line":12,"column":326}}],"line":12},"3":{"loc":{"start":{"line":12,"column":163},"end":{"line":12,"column":292}},"type":"if","locations":[{"start":{"line":12,"column":163},"end":{"line":12,"column":292}},{"start":{"line":12,"column":163},"end":{"line":12,"column":292}}],"line":12},"4":{"loc":{"start":{"line":14,"column":91},"end":{"line":14,"column":131}},"type":"cond-expr","locations":[{"start":{"line":14,"column":114},"end":{"line":14,"column":126}},{"start":{"line":14,"column":129},"end":{"line":14,"column":131}}],"line":14},"5":{"loc":{"start":{"line":14,"column":133},"end":{"line":14,"column":499}},"type":"if","locations":[{"start":{"line":14,"column":133},"end":{"line":14,"column":499}},{"start":{"line":14,"column":133},"end":{"line":14,"column":499}}],"line":14},"6":{"loc":{"start":{"line":14,"column":247},"end":{"line":14,"column":499}},"type":"if","locations":[{"start":{"line":14,"column":247},"end":{"line":14,"column":499}},{"start":{"line"
[...]
t":{"line":102,"column":2},"end":{"line":102,"column":67}},"51":{"start":{"line":104,"column":2},"end":{"line":104,"column":68}},"52":{"start":{"line":107,"column":0},"end":{"line":121,"column":2}},"53":{"start":{"line":108,"column":15},"end":{"line":108,"column":62}},"54":{"start":{"line":110,"column":13},"end":{"line":110,"column":44}},"55":{"start":{"line":112,"column":2},"end":{"line":112,"column":48}},"56":{"start":{"line":114,"column":2},"end":{"line":114,"column":69}},"57":{"start":{"line":116,"column":2},"end":{"line":116,"column":79}},"58":{"start":{"line":118,"column":2},"end":{"line":118,"column":85}},"59":{"start":{"line":120,"column":2},"end":{"line":120,"column":86}},"60":{"start":{"line":123,"column":0},"end":{"line":147,"column":2}},"61":{"start":{"line":124,"column":15},"end":{"line":124,"column":65}},"62":{"start":{"line":126,"column":13},"end":{"line":126,"column":44}},"63":{"start":{"line":128,"column":2},"end":{"line":128,"column":48}},"64":{"start":{"line":130,"column":2},"end":{"line":130,"column":69}},"65":{"start":{"line":132,"column":2},"end":{"line":132,"column":79}},"66":{"start":{"line":134,"column":2},"end":{"line":134,"column":85}},"67":{"start":{"line":136,"column":2},"end":{"line":136,"column":84}},"68":{"start":{"line":138,"column":2},"end":{"line":138,"column":86}},"69":{"start":{"line":140,"column":2},"end":{"line":140,"column":93}},"70":{"start":{"line":142,"column":2},"end":{"line":142,"column":103}},"71":{"start":{"line":144,"column":2},"end":{"line":144,"column":117}},"72":{"start":{"line":146,"column":2},"end":{"line":146,"column":120}},"73":{"start":{"line":149,"column":0},"end":{"line":173,"column":2}},"74":{"start":{"line":150,"column":15},"end":{"line":150,"column":70}},"75":{"start":{"line":152,"column":13},"end":{"line":152,"column":44}},"76":{"start":{"line":154,"column":2},"end":{"line":154,"column":48}},"77":{"start":{"line":156,"column":2},"end":{"line":156,"column":69}},"78":{"start":{"line":158,"column":2},"end":{"line":158,"column":79}},"79":{"start":{"line":160,"column":2},"end":{"line":160,"column":85}},"80":{"start":{"line":162,"column":2},"end":{"line":162,"column":84}},"81":{"start":{"line":164,"column":2},"end":{"line":164,"column":86}},"82":{"start":{"line":166,"column":2},"end":{"line":166,"column":93}},"83":{"start":{"line":168,"column":2},"end":{"line":168,"column":91}},"84":{"start":{"line":170,"column":2},"end":{"line":170,"column":105}},"85":{"start":{"line":172,"column":2},"end":{"line":172,"column":108}},"86":{"start":{"line":175,"column":0},"end":{"line":179,"column":2}},"87":{"start":{"line":176,"column":15},"end":{"line":176,"column":111}},"88":{"start":{"line":178,"column":13},"end":{"line":178,"column":44}},"89":{"start":{"line":181,"column":0},"end":{"line":185,"column":2}},"90":{"start":{"line":182,"column":15},"end":{"line":182,"column":174}},"91":{"start":{"line":184,"column":13},"end":{"line":184,"column":44}},"92":{"start":{"line":187,"column":0},"end":{"line":191,"column":2}},"93":{"start":{"line":188,"column":15},"end":{"line":188,"column":179}},"94":{"start":{"line":190,"column":13},"end":{"line":190,"column":44}},"95":{"start":{"line":193,"column":0},"end":{"line":197,"column":2}},"96":{"start":{"line":194,"column":15},"end":{"line":194,"column":64}},"97":{"start":{"line":196,"column":13},"end":{"line":196,"column":44}},"98":{"start":{"line":199,"column":0},"end":{"line":206,"column":2}},"99":{"start":{"line":200,"column":15},"end":{"line":200,"column":72}},"100":{"start":{"line":201,"column":16},"end":{"line":201,"column":81}},"101":{"start":{"line":203,"column":13},"end":{"line":203,"column":44}},"102":{"start":{"line":205,"column":14},"end":{"line":205,"column":46}},"103":{"start":{"line":208,"column":0},"end":{"line":215,"column":2}},"104":{"start":{"line":209,"column":15},"end":{"line":209,"column":150}},"105":{"start":{"line":210,"column":16},"end":{"line":210,"column":81}},"106":{"start":{"line":212,"column":13},"end":{"line":212,"column":44}},"107":{"start":{"line":214,"column":14},"end":{"line":214,"column":46}}},"fnMap":{"0":{"name":"_interopRequireDefault","decl":{"start":{"line":9,"column":9},"end":{"line":9,"column":31}},"loc":{"start":{"line":9,"column":37},"end":{"line":9,"column":95}},"line":9},"1":{"name":"(anonymous_1)","decl":{"start":{"line":11,"column":35},"end":{"line":11,"column":36}},"loc":{"start":{"line":11,"column":47},"end":{"line":27,"column":1}},"line":11},"2":{"name":"(anonymous_2)","decl":{"start":{"line":29,"column":38},"end":{"line":29,"column":39}},"loc":{"start":{"line":29,"column":50},"end":{"line":53,"column":1}},"line":29},"3":{"name":"(anonymous_3)","decl":{"start":{"line":55,"column":33},"end":{"line":55,"column":34}},"loc":{"start":{"line":55,"column":45},"end":{"line":65,"column":1}},"line":55},"4":{"name":"(anonymous_4)","decl":{"start":{"line":67,"column":31},"end":{"line":67,"column":32}},"loc":{"start":{"line":67,"column":43},"end":{"line":77,"column":1}},"line":67},"5":{"name":"(anonymous_5)","decl":{"start":{"line":79,"column":42},"end":{"line":79,"column":43}},"loc":{"start":{"line":79,"column":54},"end":{"line":89,"column":1}},"line":79},"6":{"name":"(anonymous_6)","decl":{"start":{"line":91,"column":44},"end":{"line":91,"column":45}},"loc":{"start":{"line":91,"column":56},"end":{"line":105,"column":1}},"line":91},"7":{"name":"(anonymous_7)","decl":{"start":{"line":107,"column":36},"end":{"line":107,"column":37}},"loc":{"start":{"line":107,"column":48},"end":{"line":121,"column":1}},"line":107},"8":{"name":"(anonymous_8)","decl":{"start":{"line":123,"column":44},"end":{"line":123,"column":45}},"loc":{"start":{"line":123,"column":56},"end":{"line":147,"column":1}},"line":123},"9":{"name":"(anonymous_9)","decl":{"start":{"line":149,"column":50},"end":{"line":149,"column":51}},"loc":{"start":{"line":149,"column":62},"end":{"line":173,"column":1}},"line":149},"10":{"name":"(anonymous_10)","decl":{"start":{"line":175,"column":50},"end":{"line":175,"column":51}},"loc":{"start":{"line":175,"column":62},"end":{"line":179,"column":1}},"line":175},"11":{"name":"(anonymous_11)","decl":{"start":{"line":181,"column":60},"end":{"line":181,"column":61}},"loc":{"start":{"line":181,"column":72},"end":{"line":185,"column":1}},"line":181},"12":{"name":"(anonymous_12)","decl":{"start":{"line":187,"column":81},"end":{"line":187,"column":82}},"loc":{"start":{"line":187,"column":93},"end":{"line":191,"column":1}},"line":187},"13":{"name":"(anonymous_13)","decl":{"start":{"line":193,"column":35},"end":{"line":193,"column":36}},"loc":{"start":{"line":193,"column":47},"end":{"line":197,"column":1}},"line":193},"14":{"name":"(anonymous_14)","decl":{"start":{"line":199,"column":40},"end":{"line":199,"column":41}},"loc":{"start":{"line":199,"column":52},"end":{"line":206,"column":1}},"line":199},"15":{"name":"(anonymous_15)","decl":{"start":{"line":208,"column":41},"end":{"line":208,"column":42}},"loc":{"start":{"line":208,"column":53},"end":{"line":215,"column":1}},"line":208}},"branchMap":{"0":{"loc":{"start":{"line":9,"column":46},"end":{"line":9,"column":92}},"type":"cond-expr","locations":[{"start":{"line":9,"column":70},"end":{"line":9,"column":73}},{"start":{"line":9,"column":76},"end":{"line":9,"column":92}}],"line":9},"1":{"loc":{"start":{"line":9,"column":46},"end":{"line":9,"column":67}},"type":"binary-expr","locations":[{"start":{"line":9,"column":46},"end":{"line":9,"column":49}},{"start":{"line":9,"column":53},"end":{"line":9,"column":67}}],"line":9}},"s":{"0":1,"1":1,"2":1,"3":2,"4":1,"5":1,"6":1,"7":1,"8":1,"9":1,"10":1,"11":1,"12":1,"13":1,"14":1,"15":1,"16":1,"17":1,"18":1,"19":1,"20":1,"21":1,"22":1,"23":1,"24":1,"25":1,"26":1,"27":1,"28":1,"29":1,"30":1,"31":1,"32":1,"33":1,"34":1,"35":1,"36":1,"37":1,"38":1,"39":1,"40":1,"41":1,"42":1,"43":1,"44":1,"45":1,"46":1,"47":1,"48":1,"49":1,"50":1,"51":1,"52":1,"53":1,"54":1,"55":1,"56":1,"57":1,"58":1,"59":1,"60":1,"61":1,"62":1,"63":1,"64":1,"65":1,"66":1,"67":1,"68":1,"69":1,"70":1,"71":1,"72":1,"73":1,"74":0,"75":0,"76":0,"77":0,"78":0,"79":0,"80":0,"81":0,"82":0,"83":0,"84":0,"85":0,"86":1,"87":1,"88":1,"89":1,"90":1,"91":1,"92":1,"93":1,"94":1,"95":1,"96":1,"97":1,"98":1,"99":1,"100":1,"101":1,"102":1,"103":1,"104":1,"105":1,"106":1,"107":1},"f":{"0":2,"1":1,"2":1,"3":1,"4":1,"5":1,"6":1,"7":1,"8":1,"9":0,"10":1,"11":1,"12":1,"13":1,"14":1,"15":1},"b":{"0":[1,1],"1":[2,2]},"_coverageSchema":"43e27e138ebf9cfc5966b082cf9a028302ed4184","hash":"d34c268e6759788a6a22371e7c02e0ae76fe0d90","contentHash":"3aacdb02eacd6b9036a4d61d54bc5f4e155fad9eaeac820dbee1899f34d586e0"},"/Users/jared.barnes/Documents/motion-ux/lib/tests/values.js":{"path":"/Users/jared.barnes/Documents/motion-ux/lib/tests/values.js","statementMap":{"0":{"start":{"line":3,"column":28},"end":{"line":3,"column":61}},"1":{"start":{"line":5,"column":14},"end":{"line":5,"column":70}},"2":{"start":{"line":7,"column":14},"end":{"line":7,"column":55}},"3":{"start":{"line":9,"column":39},"end":{"line":9,"column":93}},"4":{"start":{"line":11,"column":0},"end":{"line":27,"column":2}},"5":{"start":{"line":12,"column":15},"end":{"line":12,"column":54}},"6":{"start":{"line":14,"column":13},"end":{"line":14,"column":42}},"7":{"start":{"line":16,"column":2},"end":{"line":16,"column":45}},"8":{"start":{"line":18,"column":2},"end":{"line":18,"column":55}},"9":{"start":{"line":20,"column":2},"end":{"line":20,"column":69}},"10":{"start":{"line":22,"column":2},"end":{"line":22,"column":72}},"11":{"start":{"line":24,"column":2},"end":{"line":24,"column":65}},"12":{"start":{"line":26,"column":2},"end":{"line":26,"column":66}},"13":{"start":{"line":29,"column":0},"end":{"line":53,"column":2}},"14":{"start":{"line":30,"column":15},"end":{"line":30,"column":58}},"15":{"start":{"line":32,"column":13},"end":{"line":32,"column":42}},"16":{"start":{"line":34,"column":2},"end":{"line":34,"column":45}},"17":{"start":{"line":36,"column":2},"end":{"line":36,"column":55}},"18":{"start":{"line":38,"column":2},"end":{"line":38,"column":69}},"19":{"start":{"line":40,"column":2},"end":{"line":40,"column":72}},"20":{"start":{"line":42,"column":2},"end":{"line":42,"column":65}},"21":{"start":{"line":44,"column":2},"end":{"line":44,"column":66}},"22":{"start":{"line":46,"column":2},"end":{"line":46,"column":69}},"23":{"start":{"line":48,"column":2},"end":{"line":48,"column":72}},"24":{"start":{"line":50,"column":2},"end":{"line":50,"column":65}},"25":{"start":{"line":52,"column":2},"end":{"line":52,"column":66}},"26":{"start":{"line":55,"column":0},"end":{"line":65,"column":2}},"27":{"start":{"line":56,"column":15},"end":{"line":56,"column":55}},"28":{"start":{"line":58,"column":13},"end":{"line":58,"column":42}},"29":{"start":{"line":60,"column":2},"end":{"line":60,"column":45}},"30":{"start":{"line":62,"column":2},"end":{"line":62,"column":54}},"31":{"start":{"line":64,"column":2},"end":{"line":64,"column":56}},"32":{"start":{"line":67,"column":0},"end":{"line":77,"column":2}},"33":{"start":{"line":68,"column":15},"end":{"line":68,"column":58}},"34":{"start":{"line":70,"column":13},"end":{"line":70,"column":42}},"35":{"start":{"line":72,"column":2},"end":{"line":72,"column":45}},"36":{"start":{"line":74,"column":2},"end":{"line":74,"column":54}},"37":{"start":{"line":76,"column":2},"end":{"line":76,"column":59}},"38":{"start":{"line":79,"column":0},"end":{"line":89,"column":2}},"39":{"start":{"line":80,"column":15},"end":{"line":80,"column":55}},"40":{"start":{"line":82,"column":13},"end":{"line":82,"column":42}},"41":{"start":{"line":84,"column":2},"end":{"line":84,"column":45}},"42":{"start":{"line":86,"column":2},"end":{"line":86,"column":55}},"43":{"start":{"line":88,"column":2},"end":{"line":88,"column":56}},"44":{"start":{"line":91,"column":0},"end":{"line":105,"column":2}},"45":{"start":{"line":92,"column":15},"end":{"line":92,"column":59}},"46":{"start":{"line":94,"column":13},"end":{"line":94,"column":42}},"47":{"start":{"line":96,"column":2},"end":{"line":96,"column":45}},"48":{"start":{"line":98,"column":2},"end":{"line":98,"column":55}},"49":{"start":{"line":100,"column":2},"end":{"line":100,"column":55}},"50":{"start":{"line":102,"column":2},"end":{"line":102,"column":55}},"51":{"start":{"line":104,"column":2},"end":{"line":104,"column":56}},"52":{"start":{"line":107,"column":0},"end":{"line":121,"column":2}},"53":{"start":{"line":108,"column":15},"end":{"line":108,"column":62}},"54":{"start":{"line":110,"column":13},"end":{"line":110,"column":42}},"55":{"start":{"line":112,"column":2},"end":{"line":112,"column":45}},"56":{"start":{"line":114,"column":2},"end":{"line":114,"column":57}},"57":{"start":{"line":116,"column":2},"end":{"line":116,"column":67}},"58":{"start":{"line":118,"column":2},"end":{"line":118,"column":73}},"59":{"start":{"line":120,"column":2},"end":{"line":120,"column":74}},"60":{"start":{"line":123,"column":0},"end":{"line":147,"column":2}},"61":{"start":{"line":124,"column":15},"end":{"line":124,"column":65}},"62":{"start":{"line":126,"column":13},"end":{"line":126,"column":42}},"63":{"start":{"line":128,"column":2},"end":{"line":128,"column":45}},"64":{"start":{"line":130,"column":2},"end":{"line":130,"column":57}},"65":{"start":{"line":132,"column":2},"end":{"line":132,"column":67}},"66":{"start":{"line":134,"column":2},"end":{"line":134,"column":73}},"67":{"start":{"line":136,"column":2},"end":{"line":136,"column":72}},"68":{"start":{"line":138,"column":2},"end":{"line":138,"column":74}},"69":{"start":{"line":140,"column":2},"end":{"line":140,"column":81}},"70":{"start":{"line":142,"column":2},"end":{"line":142,"column":91}},"71":{"start":{"line":144,"column":2},"end":{"line":144,"column":105}},"72":{"start":{"line":146,"column":2},"end":{"line":146,"column":108}},"73":{"start":{"line":149,"column":0},"end":{"line":173,"column":2}},"74":{"start":{"line":150,"column":15},"end":{"line":150,"column":70}},"75":{"start":{"line":152,"column":13},"end":{"line":152,"column":42}},"76":{"start":{"line":154,"column":2},"end":{"line":154,"column":45}},"77":{"start":{"line":156,"column":2},"end":{"line":156,"column":57}},"78":{"start":{"line":158,"column":2},"end":{"line":158,"column":67}},"79":{"start":{"line":160,"column":2},"end":{"line":160,"column":73}},"80":{"start":{"line":162,"column":2},"end":{"line":162,"column":72}},"81":{"start":{"line":164,"column":2},"end":{"line":164,"column":74}},"82":{"start":{"line":166,"column":2},"end":{"line":166,"column":81}},"83":{"start":{"line":168,"column":2},"end":{"line":168,"column":91}},"84":{"start":{"line":170,"column":2},"end":{"line":170,"column":105}},"85":{"start":{"line":172,"column":2},"end":{"line":172,"column":108}},"86":{"start":{"line":175,"column":0},"end":{"line":179,"column":2}},"87":{"start":{"line":176,"column":15},"end":{"line":176,"column":111}},"88":{"start":{"line":178,"column":13},"end":{"line":178,"column":42}},"89":{"start":{"line":181,"column":0},"end":{"line":185,"column":2}},"90":{"start":{"line":182,"column":15},"end":{"line":182,"column":174}},"91":{"start":{"line":184,"column":13},"end":{"line":184,"column":42}},"92":{"start":{"line":187,"column":0},"end":{"line":191,"column":2}},"93":{"start":{"line":188,"column":15},"end":{"line":188,"column":179}},"94":{"start":{"line":190,"column":13},"end":{"line":190,"column":42}},"95":{"start":{"line":193,"column":0},"end":{"line":197,"column":2}},"96":{"start":{"line":194,"column":15},"end":{"line":194,"column":64}},"97":{"start":{"line":196,"column":13},"end":{"line":196,"column":42}},"98":{"start":{"line":199,"column":0},"end":{"line":203,"column":2}},"99":{"start":{"line":200,"column":15},"end":{"line":200,"column":153}},"100":{"start":{"line":202,"column":13},"end":{"line":202,"column":42}}},"fnMap":{"0":{"name":"_interopRequireDefault","decl":{"start":{"line":9,"column":9},"end":{"line":9,"column":31}},"loc":{"start":{"line":9,"column":37},"end":{"line":9,"column":95}},"line":9},"1":{"name":"(anonymous_1)","decl":{"start":{"line":11,"column":35},"end":{"line":11,"column":36}},"loc":{"start":{"line":11,"column":47},"end":{"line":27,"column":1}},"line":11},"2":{"name":"(anonymous_2)","decl":{"start":{"line":29,"column":38},"end":{"line":29,"column":39}},"loc":{"start":{"line":29,"column":50},"end":{"line":53,"column":1}},"line":29},"3":{"name":"(anonymous_3)","decl":{"start":{"line":55,"column":33},"end":{"line":55,"column":34}},"loc":{"start":{"line":55,"column":45},"end":{"line":65,"column":1}},"line":55},"4":{"name":"(anonymous_4)","decl":{"start":{"line":67,"column":31},"end":{"line":67,"column":32}},"loc":{"start":{"line":67,"column":43},"end":{"line":77,"column":1}},"line":67},"5":{"name":"(anonymous_5)","decl":{"start":{"line":79,"column":42},"end":{"line":79,"column":43}},"loc":{"start":{"line":79,"column":54},"end":{"line":89,"column":1}},"line":79},"6":{"name":"(anonymous_6)","decl":{"start":{"line":91,"column":44},"end":{"line":91,"column":45}},"loc":{"start":{"line":91,"column":56},"end":{"line":105,"column":1}},"line":91},"7":{"name":"(anonymous_7)","decl":{"start":{"line":107,"column":36},"end":{"line":107,"column":37}},"loc":{"start":{"line":107,"column":48},"end":{"line":121,"column":1}},"line":107},"8":{"name":"(anonymous_8)","decl":{"start":{"line":123,"column":44},"end":{"line":123,"column":45}},"loc":{"start":{"line":123,"column":56},"end":{"line":147,"column":1}},"line":123},"9":{"name":"(anonymous_9)","decl":{"start":{"line":149,"column":50},"end":{"line":149,"column":51}},"loc":{"start":{"line":149,"column":62},"end":{"line":173,"column":1}},"line":149},"10":{"name":"(anonymous_10)","decl":{"start":{"line":175,"column":50},"end":{"line":175,"column":51}},"loc":{"start":{"line":175,"column":62},"end":{"line":179,"column":1}},"line":175},"11":{"name":"(anonymous_11)","decl":{"start":{"line":181,"column":60},"end":{"line":181,"column":61}},"loc":{"start":{"line":181,"column":72},"end":{"line":185,"column":1}},"line":181},"12":{"name":"(anonymous_12)","decl":{"start":{"line":187,"column":79},"end":{"line":187,"column":80}},"loc":{"start":{"line":187,"column":91},"end":{"line":191,"column":1}},"line":187},"13":{"name":"(anonymous_13)","decl":{"start":{"line":193,"column":35},"end":{"line":193,"column":36}},"loc":{"start":{"line":193,"column":47},"end":{"line":197,"column":1}},"line":193},"14":{"name":"(anonymous_14)","decl":{"start":{"line":199,"column":39},"end":{"line":199,"column":40}},"loc":{"start":{"line":199,"column":51},"end":{"line":203,"column":1}},"line":199}},"branchMap":{"0":{"loc":{"start":{"line":9,"column":46},"end":{"line":9,"column":92}},"type":"cond-expr","locations":[{"start":{"line":9,"column":70},"end":{"line":9,"column":73}},{"start":{"line":9,"column":76},"end":{"line":9,"column":92}}],"line":9},"1":{"loc":{"start":{"line":9,"column":46},"end":{"line":9,"column":67}},"type":"binary-expr","locations":[{"start":{"line":9,"column":46},"end":{"line":9,"column":49}},{"start":{"line":9,"column":53},"end":{"line":9,"column":67}}],"line":9}},"s":{"0":1,"1":1,"2":1,"3":2,"4":1,"5":1,"6":1,"7":1,"8":1,"9":1,"10":1,"11":1,"12":1,"13":1,"14":1,"15":1,"16":1,"17":1,"18":1,"19":1,"20":1,"21":1,"22":1,"23":1,"24":1,"25":1,"26":1,"27":1,"28":1,"29":1,"30":1,"31":1,"32":1,"33":1,"34":1,"35":1,"36":1,"37":1,"38":1,"39":1,"40":1,"41":1,"42":1,"43":1,"44":1,"45":1,"46":1,"47":1,"48":1,"49":1,"50":1,"51":1,"52":1,"53":1,"54":1,"55":1,"56":1,"57":1,"58":1,"59":1,"60":1,"61":1,"62":1,"63":1,"64":1,"65":1,"66":1,"67":1,"68":1,"69":1,"70":1,"71":1,"72":1,"73":1,"74":0,"75":0,"76":0,"77":0,"78":0,"79":0,"80":0,"81":0,"82":0,"83":0,"84":0,"85":0,"86":1,"87":1,"88":1,"89":1,"90":1,"91":1,"92":1,"93":1,"94":1,"95":1,"96":1,"97":1,"98":1,"99":1,"100":1},"f":{"0":2,"1":1,"2":1,"3":1,"4":1,"5":1,"6":1,"7":1,"8":1,"9":0,"10":1,"11":1,"12":1,"13":1,"14":1},"b":{"0":[1,1],"1":[2,2]},"_coverageSchema":"43e27e138ebf9cfc5966b082cf9a028302ed4184","hash":"c2917021275bd72dedb0375d5fb4f57168a0b5e6","contentHash":"dd14781dac81473ba64e6e2772d204aa3e5f0ec2796ed29cc54b77befa5b8c74"}}